This is XeTeX, Version 3.141592653-2.6-0.999995 (MiKTeX 23.5) (preloaded format=xelatex 2023.9.9)  20 MAR 2024 21:01
entering extended mode
 restricted \write18 enabled.
 %&-line parsing enabled.
**./index.tex
(index.tex
LaTeX2e <2023-06-01> patch level 1
L3 programming layer <2023-08-29>
(C:\Users\Yi\AppData\Local\Programs\MiKTeX\tex/latex/koma-script\scrreprt.cls
Document Class: scrreprt 2023/07/07 v3.41 KOMA-Script document class (report)
(C:\Users\Yi\AppData\Local\Programs\MiKTeX\tex/latex/koma-script\scrkbase.sty
Package: scrkbase 2023/07/07 v3.41 KOMA-Script package (KOMA-Script-dependent b
asics and keyval usage)
(C:\Users\Yi\AppData\Local\Programs\MiKTeX\tex/latex/koma-script\scrbase.sty
Package: scrbase 2023/07/07 v3.41 KOMA-Script package (KOMA-Script-independent 
basics and keyval usage)
(C:\Users\Yi\AppData\Local\Programs\MiKTeX\tex/latex/koma-script\scrlfile.sty
Package: scrlfile 2023/07/07 v3.41 KOMA-Script package (file load hooks)

(C:\Users\Yi\AppData\Local\Programs\MiKTeX\tex/latex/koma-script\scrlfile-hook.
sty
Package: scrlfile-hook 2023/07/07 v3.41 KOMA-Script package (using LaTeX hooks)

(C:\Users\Yi\AppData\Local\Programs\MiKTeX\tex/latex/koma-script\scrlogo.sty
Package: scrlogo 2023/07/07 v3.41 KOMA-Script package (logo)
))) (C:\Users\Yi\AppData\Local\Programs\MiKTeX\tex/latex/graphics\keyval.sty
Package: keyval 2022/05/29 v1.15 key=value parser (DPC)
\KV@toks@=\toks17
)
Applying: [2021/05/01] Usage of raw or classic option list on input line 252.
Already applied: [0000/00/00] Usage of raw or classic option list on input line
 368.
)) (C:\Users\Yi\AppData\Local\Programs\MiKTeX\tex/latex/koma-script\tocbasic.st
y
Package: tocbasic 2023/07/07 v3.41 KOMA-Script package (handling toc-files)
\scr@dte@tocline@numberwidth=\skip48
\scr@dte@tocline@numbox=\box51
)
Package tocbasic Info: omitting babel extension for `toc'
(tocbasic)             because of feature `nobabel' available
(tocbasic)             for `toc' on input line 135.
Class scrreprt Info: File `scrsize11pt.clo' used instead of
(scrreprt)           file `scrsize11.clo' to setup font sizes on input line 268
8.

(C:\Users\Yi\AppData\Local\Programs\MiKTeX\tex/latex/koma-script\scrsize11pt.cl
o
File: scrsize11pt.clo 2023/07/07 v3.41 KOMA-Script font size class option (11pt
)
) (C:\Users\Yi\AppData\Local\Programs\MiKTeX\tex/latex/koma-script\typearea.sty
Package: typearea 2023/07/07 v3.41 KOMA-Script package (type area)
\ta@bcor=\skip49
\ta@div=\count181
Package typearea Info: You've used standard option `letterpaper'.
(typearea)             This is correct!
(typearea)             Internally I'm using `paper=letter'.
(typearea)             If you'd like to set the option with \KOMAoptions,
(typearea)             you'd have to use `paper=letter' there
(typearea)             instead of `letterpaper', too.
\ta@hblk=\skip50
\ta@vblk=\skip51
\ta@temp=\skip52
\footheight=\skip53
Package typearea Info: These are the values describing the layout:
(typearea)             DIV  = 11
(typearea)             BCOR = 0.0pt
(typearea)             \paperwidth      = 614.295pt
(typearea)              \textwidth      = 446.76004pt
(typearea)              DIV departure   = -14%
(typearea)              \evensidemargin = 11.49748pt
(typearea)              \oddsidemargin  = 11.49748pt
(typearea)             \paperheight     = 794.96999pt
(typearea)              \textheight     = 582.20026pt
(typearea)              \topmargin      = -37.40001pt
(typearea)              \headheight     = 17.0pt
(typearea)              \headsep        = 20.40001pt
(typearea)              \topskip        = 11.0pt
(typearea)              \footskip       = 47.6pt
(typearea)              \baselineskip   = 13.6pt
(typearea)              on input line 1799.
)
\c@part=\count182
\c@chapter=\count183
\c@section=\count184
\c@subsection=\count185
\c@subsubsection=\count186
\c@paragraph=\count187
\c@subparagraph=\count188
\scr@dte@chapter@maxnumwidth=\skip54
Class scrreprt Info: using compatibility default `afterindent=bysign'
(scrreprt)           for `\chapter on input line 5994.
\scr@dte@section@maxnumwidth=\skip55
Class scrreprt Info: using compatibility default `runin=bysign'
(scrreprt)           for `\section on input line 6005.
Class scrreprt Info: using compatibility default `afterindent=bysign'
(scrreprt)           for `\section on input line 6005.
\scr@dte@part@maxnumwidth=\skip56
Class scrreprt Info: using compatibility default `afterindent=true'
(scrreprt)           for `\part on input line 6014.
\scr@dte@subsection@maxnumwidth=\skip57
Class scrreprt Info: using compatibility default `runin=bysign'
(scrreprt)           for `\subsection on input line 6024.
Class scrreprt Info: using compatibility default `afterindent=bysign'
(scrreprt)           for `\subsection on input line 6024.
\scr@dte@subsubsection@maxnumwidth=\skip58
Class scrreprt Info: using compatibility default `runin=bysign'
(scrreprt)           for `\subsubsection on input line 6034.
Class scrreprt Info: using compatibility default `afterindent=bysign'
(scrreprt)           for `\subsubsection on input line 6034.
\scr@dte@paragraph@maxnumwidth=\skip59
Class scrreprt Info: using compatibility default `runin=bysign'
(scrreprt)           for `\paragraph on input line 6045.
Class scrreprt Info: using compatibility default `afterindent=bysign'
(scrreprt)           for `\paragraph on input line 6045.
\scr@dte@subparagraph@maxnumwidth=\skip60
Class scrreprt Info: using compatibility default `runin=bysign'
(scrreprt)           for `\subparagraph on input line 6055.
Class scrreprt Info: using compatibility default `afterindent=bysign'
(scrreprt)           for `\subparagraph on input line 6055.
\abovecaptionskip=\skip61
\belowcaptionskip=\skip62
\c@pti@nb@sid@b@x=\box52
Package tocbasic Info: omitting babel extension for `lof'
(tocbasic)             because of feature `nobabel' available
(tocbasic)             for `lof' on input line 7240.
\scr@dte@figure@maxnumwidth=\skip63
\c@figure=\count189
Package tocbasic Info: omitting babel extension for `lot'
(tocbasic)             because of feature `nobabel' available
(tocbasic)             for `lot' on input line 7257.
\scr@dte@table@maxnumwidth=\skip64
\c@table=\count190
Class scrreprt Info: Redefining `\numberline' on input line 7428.
\bibindent=\dimen140
) (C:\Users\Yi\AppData\Local\Programs\MiKTeX\tex/latex/amsmath\amsmath.sty
Package: amsmath 2023/05/13 v2.17o AMS math features
\@mathmargin=\skip65
For additional information on amsmath, use the `?' option.
(C:\Users\Yi\AppData\Local\Programs\MiKTeX\tex/latex/amsmath\amstext.sty
Package: amstext 2021/08/26 v2.01 AMS text
(C:\Users\Yi\AppData\Local\Programs\MiKTeX\tex/latex/amsmath\amsgen.sty
File: amsgen.sty 1999/11/30 v2.0 generic functions
\@emptytoks=\toks18
\ex@=\dimen141
)) (C:\Users\Yi\AppData\Local\Programs\MiKTeX\tex/latex/amsmath\amsbsy.sty
Package: amsbsy 1999/11/29 v1.2d Bold Symbols
\pmbraise@=\dimen142
) (C:\Users\Yi\AppData\Local\Programs\MiKTeX\tex/latex/amsmath\amsopn.sty
Package: amsopn 2022/04/08 v2.04 operator names
)
\inf@bad=\count191
LaTeX Info: Redefining \frac on input line 234.
\uproot@=\count192
\leftroot@=\count193
LaTeX Info: Redefining \overline on input line 399.
LaTeX Info: Redefining \colon on input line 410.
\classnum@=\count194
\DOTSCASE@=\count195
LaTeX Info: Redefining \ldots on input line 496.
LaTeX Info: Redefining \dots on input line 499.
LaTeX Info: Redefining \cdots on input line 620.
\Mathstrutbox@=\box53
\strutbox@=\box54
LaTeX Info: Redefining \big on input line 722.
LaTeX Info: Redefining \Big on input line 723.
LaTeX Info: Redefining \bigg on input line 724.
LaTeX Info: Redefining \Bigg on input line 725.
\big@size=\dimen143
LaTeX Font Info:    Redeclaring font encoding OML on input line 743.
LaTeX Font Info:    Redeclaring font encoding OMS on input line 744.
\macc@depth=\count196
LaTeX Info: Redefining \bmod on input line 905.
LaTeX Info: Redefining \pmod on input line 910.
LaTeX Info: Redefining \smash on input line 940.
LaTeX Info: Redefining \relbar on input line 970.
LaTeX Info: Redefining \Relbar on input line 971.
\c@MaxMatrixCols=\count197
\dotsspace@=\muskip16
\c@parentequation=\count198
\dspbrk@lvl=\count199
\tag@help=\toks19
\row@=\count266
\column@=\count267
\maxfields@=\count268
\andhelp@=\toks20
\eqnshift@=\dimen144
\alignsep@=\dimen145
\tagshift@=\dimen146
\tagwidth@=\dimen147
\totwidth@=\dimen148
\lineht@=\dimen149
\@envbody=\toks21
\multlinegap=\skip66
\multlinetaggap=\skip67
\mathdisplay@stack=\toks22
LaTeX Info: Redefining \[ on input line 2953.
LaTeX Info: Redefining \] on input line 2954.
) (C:\Users\Yi\AppData\Local\Programs\MiKTeX\tex/latex/amsfonts\amssymb.sty
Package: amssymb 2013/01/14 v3.01 AMS font symbols
(C:\Users\Yi\AppData\Local\Programs\MiKTeX\tex/latex/amsfonts\amsfonts.sty
Package: amsfonts 2013/01/14 v3.01 Basic AMSFonts support
\symAMSa=\mathgroup4
\symAMSb=\mathgroup5
LaTeX Font Info:    Redeclaring math symbol \hbar on input line 98.
LaTeX Font Info:    Overwriting math alphabet `\mathfrak' in version `bold'
(Font)                  U/euf/m/n --> U/euf/b/n on input line 106.
)) (C:\Users\Yi\AppData\Local\Programs\MiKTeX\tex/generic/iftex\iftex.sty
Package: iftex 2022/02/03 v1.0f TeX engine tests
)
(C:\Users\Yi\AppData\Local\Programs\MiKTeX\tex/latex/unicode-math\unicode-math.
sty (C:\Users\Yi\AppData\Local\Programs\MiKTeX\tex/latex/l3kernel\expl3.sty
Package: expl3 2023-08-29 L3 programming layer (loader) 

(C:\Users\Yi\AppData\Local\Programs\MiKTeX\tex/latex/l3backend\l3backend-xetex.
def
File: l3backend-xetex.def 2023-04-19 L3 backend support: XeTeX
\g__graphics_track_int=\count269
\l__pdf_internal_box=\box55
\g__pdf_backend_object_int=\count270
\g__pdf_backend_annotation_int=\count271
\g__pdf_backend_link_int=\count272
))
Package: unicode-math 2023/08/13 v0.8r Unicode maths in XeLaTeX and LuaLaTeX

(C:\Users\Yi\AppData\Local\Programs\MiKTeX\tex/latex/unicode-math\unicode-math-
xetex.sty
Package: unicode-math-xetex 2023/08/13 v0.8r Unicode maths in XeLaTeX and LuaLa
TeX

(C:\Users\Yi\AppData\Local\Programs\MiKTeX\tex/latex/l3packages/xparse\xparse.s
ty
Package: xparse 2023-08-29 L3 Experimental document command parser
)
(C:\Users\Yi\AppData\Local\Programs\MiKTeX\tex/latex/l3packages/l3keys2e\l3keys
2e.sty
Package: l3keys2e 2023-08-29 LaTeX2e option processing using LaTeX3 keys
) (C:\Users\Yi\AppData\Local\Programs\MiKTeX\tex/latex/fontspec\fontspec.sty
Package: fontspec 2022/01/15 v2.8a Font selection for XeLaTeX and LuaLaTeX

(C:\Users\Yi\AppData\Local\Programs\MiKTeX\tex/latex/fontspec\fontspec-xetex.st
y
Package: fontspec-xetex 2022/01/15 v2.8a Font selection for XeLaTeX and LuaLaTe
X
\l__fontspec_script_int=\count273
\l__fontspec_language_int=\count274
\l__fontspec_strnum_int=\count275
\l__fontspec_tmp_int=\count276
\l__fontspec_tmpa_int=\count277
\l__fontspec_tmpb_int=\count278
\l__fontspec_tmpc_int=\count279
\l__fontspec_em_int=\count280
\l__fontspec_emdef_int=\count281
\l__fontspec_strong_int=\count282
\l__fontspec_strongdef_int=\count283
\l__fontspec_tmpa_dim=\dimen150
\l__fontspec_tmpb_dim=\dimen151
\l__fontspec_tmpc_dim=\dimen152
(C:\Users\Yi\AppData\Local\Programs\MiKTeX\tex/latex/base\fontenc.sty
Package: fontenc 2021/04/29 v2.0v Standard LaTeX package
) (C:\Users\Yi\AppData\Local\Programs\MiKTeX\tex/latex/fontspec\fontspec.cfg)))
(C:\Users\Yi\AppData\Local\Programs\MiKTeX\tex/latex/base\fix-cm.sty
Package: fix-cm 2020/11/24 v1.1t fixes to LaTeX
(C:\Users\Yi\AppData\Local\Programs\MiKTeX\tex/latex/base\ts1enc.def
File: ts1enc.def 2001/06/05 v3.0e (jk/car/fm) Standard LaTeX file
LaTeX Font Info:    Redeclaring font encoding TS1 on input line 47.
))
\g__um_fam_int=\count284
\g__um_fonts_used_int=\count285
\l__um_primecount_int=\count286
\g__um_primekern_muskip=\muskip17

(C:\Users\Yi\AppData\Local\Programs\MiKTeX\tex/latex/unicode-math\unicode-math-
table.tex))) (C:\Users\Yi\AppData\Local\Programs\MiKTeX\tex/latex/lm\lmodern.st
y
Package: lmodern 2015/05/01 v1.6.1 Latin Modern Fonts
LaTeX Font Info:    Overwriting symbol font `operators' in version `normal'
(Font)                  OT1/cmr/m/n --> OT1/lmr/m/n on input line 22.
LaTeX Font Info:    Overwriting symbol font `letters' in version `normal'
(Font)                  OML/cmm/m/it --> OML/lmm/m/it on input line 23.
LaTeX Font Info:    Overwriting symbol font `symbols' in version `normal'
(Font)                  OMS/cmsy/m/n --> OMS/lmsy/m/n on input line 24.
LaTeX Font Info:    Overwriting symbol font `largesymbols' in version `normal'
(Font)                  OMX/cmex/m/n --> OMX/lmex/m/n on input line 25.
LaTeX Font Info:    Overwriting symbol font `operators' in version `bold'
(Font)                  OT1/cmr/bx/n --> OT1/lmr/bx/n on input line 26.
LaTeX Font Info:    Overwriting symbol font `letters' in version `bold'
(Font)                  OML/cmm/b/it --> OML/lmm/b/it on input line 27.
LaTeX Font Info:    Overwriting symbol font `symbols' in version `bold'
(Font)                  OMS/cmsy/b/n --> OMS/lmsy/b/n on input line 28.
LaTeX Font Info:    Overwriting symbol font `largesymbols' in version `bold'
(Font)                  OMX/cmex/m/n --> OMX/lmex/m/n on input line 29.
LaTeX Font Info:    Overwriting math alphabet `\mathbf' in version `normal'
(Font)                  OT1/cmr/bx/n --> OT1/lmr/bx/n on input line 31.
LaTeX Font Info:    Overwriting math alphabet `\mathsf' in version `normal'
(Font)                  OT1/cmss/m/n --> OT1/lmss/m/n on input line 32.
LaTeX Font Info:    Overwriting math alphabet `\mathit' in version `normal'
(Font)                  OT1/cmr/m/it --> OT1/lmr/m/it on input line 33.
LaTeX Font Info:    Overwriting math alphabet `\mathtt' in version `normal'
(Font)                  OT1/cmtt/m/n --> OT1/lmtt/m/n on input line 34.
LaTeX Font Info:    Overwriting math alphabet `\mathbf' in version `bold'
(Font)                  OT1/cmr/bx/n --> OT1/lmr/bx/n on input line 35.
LaTeX Font Info:    Overwriting math alphabet `\mathsf' in version `bold'
(Font)                  OT1/cmss/bx/n --> OT1/lmss/bx/n on input line 36.
LaTeX Font Info:    Overwriting math alphabet `\mathit' in version `bold'
(Font)                  OT1/cmr/bx/it --> OT1/lmr/bx/it on input line 37.
LaTeX Font Info:    Overwriting math alphabet `\mathtt' in version `bold'
(Font)                  OT1/cmtt/m/n --> OT1/lmtt/m/n on input line 38.
) (C:\Users\Yi\AppData\Local\Programs\MiKTeX\tex/latex/upquote\upquote.sty
Package: upquote 2012/04/19 v1.3 upright-quote and grave-accent glyphs in verba
tim
(C:\Users\Yi\AppData\Local\Programs\MiKTeX\tex/latex/base\textcomp.sty
Package: textcomp 2020/02/02 v2.0n Standard LaTeX package
)) (C:\Users\Yi\AppData\Local\Programs\MiKTeX\tex/latex/microtype\microtype.sty
Package: microtype 2023/03/13 v3.1a Micro-typographical refinements (RS)
(C:\Users\Yi\AppData\Local\Programs\MiKTeX\tex/latex/etoolbox\etoolbox.sty
Package: etoolbox 2020/10/05 v2.5k e-TeX tools for LaTeX (JAW)
\etb@tempcnta=\count287
)
\MT@toks=\toks23
\MT@tempbox=\box56
\MT@count=\count288
LaTeX Info: Redefining \noprotrusionifhmode on input line 1059.
LaTeX Info: Redefining \leftprotrusion on input line 1060.
\MT@prot@toks=\toks24
LaTeX Info: Redefining \rightprotrusion on input line 1078.
LaTeX Info: Redefining \textls on input line 1368.
\MT@outer@kern=\dimen153
LaTeX Info: Redefining \textmicrotypecontext on input line 1988.
\MT@listname@count=\count289

(C:\Users\Yi\AppData\Local\Programs\MiKTeX\tex/latex/microtype\microtype-xetex.
def
File: microtype-xetex.def 2023/03/13 v3.1a Definitions specific to xetex (RS)
LaTeX Info: Redefining \lsstyle on input line 238.
)
Package microtype Info: Loading configuration file microtype.cfg.
(C:\Users\Yi\AppData\Local\Programs\MiKTeX\tex/latex/microtype\microtype.cfg
File: microtype.cfg 2023/03/13 v3.1a microtype main configuration file (RS)
)) (C:\Users\Yi\AppData\Local\Programs\MiKTeX\tex/latex/xcolor\xcolor.sty
Package: xcolor 2022/06/12 v2.14 LaTeX color extensions (UK)
(C:\Users\Yi\AppData\Local\Programs\MiKTeX\tex/latex/graphics-cfg\color.cfg
File: color.cfg 2016/01/02 v1.6 sample color configuration
)
Package xcolor Info: Driver file: xetex.def on input line 227.
(C:\Users\Yi\AppData\Local\Programs\MiKTeX\tex/latex/graphics-def\xetex.def
File: xetex.def 2022/09/22 v5.0n Graphics/color driver for xetex
) (C:\Users\Yi\AppData\Local\Programs\MiKTeX\tex/latex/graphics\mathcolor.ltx)
Package xcolor Info: Model `cmy' substituted by `cmy0' on input line 1353.
Package xcolor Info: Model `RGB' extended on input line 1369.
Package xcolor Info: Model `HTML' substituted by `rgb' on input line 1371.
Package xcolor Info: Model `Hsb' substituted by `hsb' on input line 1372.
Package xcolor Info: Model `tHsb' substituted by `hsb' on input line 1373.
Package xcolor Info: Model `HSB' substituted by `hsb' on input line 1374.
Package xcolor Info: Model `Gray' substituted by `gray' on input line 1375.
Package xcolor Info: Model `wave' substituted by `hsb' on input line 1376.
(C:\Users\Yi\AppData\Local\Programs\MiKTeX\tex/latex/graphics\dvipsnam.def
File: dvipsnam.def 2016/06/17 v3.0m Driver-dependent file (DPC,SPQR)
) (C:\Users\Yi\AppData\Local\Programs\MiKTeX\tex/latex/xcolor\svgnam.def
File: svgnam.def 2022/06/12 v2.14 Predefined colors according to SVG 1.1 (UK)
) (C:\Users\Yi\AppData\Local\Programs\MiKTeX\tex/latex/xcolor\x11nam.def
File: x11nam.def 2022/06/12 v2.14 Predefined colors according to Unix/X11 (UK)
)) (C:\Users\Yi\AppData\Local\Programs\MiKTeX\tex/latex/tools\longtable.sty
Package: longtable 2021-09-01 v4.17 Multi-page Table package (DPC)
\LTleft=\skip68
\LTright=\skip69
\LTpre=\skip70
\LTpost=\skip71
\LTchunksize=\count290
\LTcapwidth=\dimen154
\LT@head=\box57
\LT@firsthead=\box58
\LT@foot=\box59
\LT@lastfoot=\box60
\LT@gbox=\box61
\LT@cols=\count291
\LT@rows=\count292
\c@LT@tables=\count293
\c@LT@chunks=\count294
\LT@p@ftn=\toks25
)
Class scrreprt Info: longtable captions redefined on input line 58.
(C:\Users\Yi\AppData\Local\Programs\MiKTeX\tex/latex/booktabs\booktabs.sty
Package: booktabs 2020/01/12 v1.61803398 Publication quality tables
\heavyrulewidth=\dimen155
\lightrulewidth=\dimen156
\cmidrulewidth=\dimen157
\belowrulesep=\dimen158
\belowbottomsep=\dimen159
\aboverulesep=\dimen160
\abovetopsep=\dimen161
\cmidrulesep=\dimen162
\cmidrulekern=\dimen163
\defaultaddspace=\dimen164
\@cmidla=\count295
\@cmidlb=\count296
\@aboverulesep=\dimen165
\@belowrulesep=\dimen166
\@thisruleclass=\count297
\@lastruleclass=\count298
\@thisrulewidth=\dimen167
) (C:\Users\Yi\AppData\Local\Programs\MiKTeX\tex/latex/tools\array.sty
Package: array 2022/09/04 v2.5g Tabular extension package (FMi)
\col@sep=\dimen168
\ar@mcellbox=\box62
\extrarowheight=\dimen169
\NC@list=\toks26
\extratabsurround=\skip72
\backup@length=\skip73
\ar@cellbox=\box63
) (C:\Users\Yi\AppData\Local\Programs\MiKTeX\tex/latex/tools\calc.sty
Package: calc 2017/05/25 v4.3 Infix arithmetic (KKT,FJ)
\calc@Acount=\count299
\calc@Bcount=\count300
\calc@Adimen=\dimen170
\calc@Bdimen=\dimen171
\calc@Askip=\skip74
\calc@Bskip=\skip75
LaTeX Info: Redefining \setlength on input line 80.
LaTeX Info: Redefining \addtolength on input line 81.
\calc@Ccount=\count301
\calc@Cskip=\skip76
)
(C:\Users\Yi\AppData\Local\Programs\MiKTeX\tex/latex/footnotehyper\footnotehype
r.sty
Package: footnotehyper 2021/08/13 v1.1e hyperref aware footnote.sty (JFB)
\FNH@notes=\box64
\FNH@width=\dimen172
\FNH@toks=\toks27
) (C:\Users\Yi\AppData\Local\Programs\MiKTeX\tex/latex/graphics\graphicx.sty
Package: graphicx 2021/09/16 v1.2d Enhanced LaTeX Graphics (DPC,SPQR)
(C:\Users\Yi\AppData\Local\Programs\MiKTeX\tex/latex/graphics\graphics.sty
Package: graphics 2022/03/10 v1.4e Standard LaTeX Graphics (DPC,SPQR)
(C:\Users\Yi\AppData\Local\Programs\MiKTeX\tex/latex/graphics\trig.sty
Package: trig 2021/08/11 v1.11 sin cos tan (DPC)
) (C:\Users\Yi\AppData\Local\Programs\MiKTeX\tex/latex/graphics-cfg\graphics.cf
g
File: graphics.cfg 2016/06/04 v1.11 sample graphics configuration
)
Package graphics Info: Driver file: xetex.def on input line 107.
)
\Gin@req@height=\dimen173
\Gin@req@width=\dimen174
)
\cslhangindent=\skip77
\csllabelwidth=\skip78
(C:\Users\Yi\AppData\Local\Programs\MiKTeX\tex/latex/tcolorbox\tcolorbox.sty
Package: tcolorbox 2023/06/19 version 6.0.4 text color boxes
(C:\Users\Yi\AppData\Local\Programs\MiKTeX\tex/latex/pgf/basiclayer\pgf.sty (C:
\Users\Yi\AppData\Local\Programs\MiKTeX\tex/latex/pgf/utilities\pgfrcs.sty
(C:\Users\Yi\AppData\Local\Programs\MiKTeX\tex/generic/pgf/utilities\pgfutil-co
mmon.tex
\pgfutil@everybye=\toks28
\pgfutil@tempdima=\dimen175
\pgfutil@tempdimb=\dimen176
)
(C:\Users\Yi\AppData\Local\Programs\MiKTeX\tex/generic/pgf/utilities\pgfutil-la
tex.def
\pgfutil@abb=\box65
)
(C:\Users\Yi\AppData\Local\Programs\MiKTeX\tex/generic/pgf/utilities\pgfrcs.cod
e.tex (C:\Users\Yi\AppData\Local\Programs\MiKTeX\tex/generic/pgf\pgf.revision.t
ex)
Package: pgfrcs 2023-01-15 v3.1.10 (3.1.10)
))
Package: pgf 2023-01-15 v3.1.10 (3.1.10)

(C:\Users\Yi\AppData\Local\Programs\MiKTeX\tex/latex/pgf/basiclayer\pgfcore.sty

(C:\Users\Yi\AppData\Local\Programs\MiKTeX\tex/latex/pgf/systemlayer\pgfsys.sty

(C:\Users\Yi\AppData\Local\Programs\MiKTeX\tex/generic/pgf/systemlayer\pgfsys.c
ode.tex
Package: pgfsys 2023-01-15 v3.1.10 (3.1.10)

(C:\Users\Yi\AppData\Local\Programs\MiKTeX\tex/generic/pgf/utilities\pgfkeys.co
de.tex
\pgfkeys@pathtoks=\toks29
\pgfkeys@temptoks=\toks30

(C:\Users\Yi\AppData\Local\Programs\MiKTeX\tex/generic/pgf/utilities\pgfkeyslib
raryfiltered.code.tex
\pgfkeys@tmptoks=\toks31
))
\pgf@x=\dimen177
\pgf@y=\dimen178
\pgf@xa=\dimen179
\pgf@ya=\dimen180
\pgf@xb=\dimen181
\pgf@yb=\dimen182
\pgf@xc=\dimen183
\pgf@yc=\dimen184
\pgf@xd=\dimen185
\pgf@yd=\dimen186
\w@pgf@writea=\write3
\r@pgf@reada=\read2
\c@pgf@counta=\count302
\c@pgf@countb=\count303
\c@pgf@countc=\count304
\c@pgf@countd=\count305
\t@pgf@toka=\toks32
\t@pgf@tokb=\toks33
\t@pgf@tokc=\toks34
\pgf@sys@id@count=\count306
(C:\Users\Yi\AppData\Local\Programs\MiKTeX\tex/generic/pgf/systemlayer\pgf.cfg
File: pgf.cfg 2023-01-15 v3.1.10 (3.1.10)
)
Driver file for pgf: pgfsys-xetex.def

(C:\Users\Yi\AppData\Local\Programs\MiKTeX\tex/generic/pgf/systemlayer\pgfsys-x
etex.def
File: pgfsys-xetex.def 2023-01-15 v3.1.10 (3.1.10)

(C:\Users\Yi\AppData\Local\Programs\MiKTeX\tex/generic/pgf/systemlayer\pgfsys-d
vipdfmx.def
File: pgfsys-dvipdfmx.def 2023-01-15 v3.1.10 (3.1.10)

(C:\Users\Yi\AppData\Local\Programs\MiKTeX\tex/generic/pgf/systemlayer\pgfsys-c
ommon-pdf.def
File: pgfsys-common-pdf.def 2023-01-15 v3.1.10 (3.1.10)
)
\pgfsys@objnum=\count307
)))
(C:\Users\Yi\AppData\Local\Programs\MiKTeX\tex/generic/pgf/systemlayer\pgfsysso
ftpath.code.tex
File: pgfsyssoftpath.code.tex 2023-01-15 v3.1.10 (3.1.10)
\pgfsyssoftpath@smallbuffer@items=\count308
\pgfsyssoftpath@bigbuffer@items=\count309
)
(C:\Users\Yi\AppData\Local\Programs\MiKTeX\tex/generic/pgf/systemlayer\pgfsyspr
otocol.code.tex
File: pgfsysprotocol.code.tex 2023-01-15 v3.1.10 (3.1.10)
))
(C:\Users\Yi\AppData\Local\Programs\MiKTeX\tex/generic/pgf/basiclayer\pgfcore.c
ode.tex
Package: pgfcore 2023-01-15 v3.1.10 (3.1.10)

(C:\Users\Yi\AppData\Local\Programs\MiKTeX\tex/generic/pgf/math\pgfmath.code.te
x
(C:\Users\Yi\AppData\Local\Programs\MiKTeX\tex/generic/pgf/math\pgfmathutil.cod
e.tex)
(C:\Users\Yi\AppData\Local\Programs\MiKTeX\tex/generic/pgf/math\pgfmathparser.c
ode.tex
\pgfmath@dimen=\dimen187
\pgfmath@count=\count310
\pgfmath@box=\box66
\pgfmath@toks=\toks35
\pgfmath@stack@operand=\toks36
\pgfmath@stack@operation=\toks37
)
(C:\Users\Yi\AppData\Local\Programs\MiKTeX\tex/generic/pgf/math\pgfmathfunction
s.code.tex)
(C:\Users\Yi\AppData\Local\Programs\MiKTeX\tex/generic/pgf/math\pgfmathfunction
s.basic.code.tex)
(C:\Users\Yi\AppData\Local\Programs\MiKTeX\tex/generic/pgf/math\pgfmathfunction
s.trigonometric.code.tex)
(C:\Users\Yi\AppData\Local\Programs\MiKTeX\tex/generic/pgf/math\pgfmathfunction
s.random.code.tex)
(C:\Users\Yi\AppData\Local\Programs\MiKTeX\tex/generic/pgf/math\pgfmathfunction
s.comparison.code.tex)
(C:\Users\Yi\AppData\Local\Programs\MiKTeX\tex/generic/pgf/math\pgfmathfunction
s.base.code.tex)
(C:\Users\Yi\AppData\Local\Programs\MiKTeX\tex/generic/pgf/math\pgfmathfunction
s.round.code.tex)
(C:\Users\Yi\AppData\Local\Programs\MiKTeX\tex/generic/pgf/math\pgfmathfunction
s.misc.code.tex)
(C:\Users\Yi\AppData\Local\Programs\MiKTeX\tex/generic/pgf/math\pgfmathfunction
s.integerarithmetics.code.tex)
(C:\Users\Yi\AppData\Local\Programs\MiKTeX\tex/generic/pgf/math\pgfmathcalc.cod
e.tex)
(C:\Users\Yi\AppData\Local\Programs\MiKTeX\tex/generic/pgf/math\pgfmathfloat.co
de.tex
\c@pgfmathroundto@lastzeros=\count311
))
(C:\Users\Yi\AppData\Local\Programs\MiKTeX\tex/generic/pgf/math\pgfint.code.tex
)
(C:\Users\Yi\AppData\Local\Programs\MiKTeX\tex/generic/pgf/basiclayer\pgfcorepo
ints.code.tex
File: pgfcorepoints.code.tex 2023-01-15 v3.1.10 (3.1.10)
\pgf@picminx=\dimen188
\pgf@picmaxx=\dimen189
\pgf@picminy=\dimen190
\pgf@picmaxy=\dimen191
\pgf@pathminx=\dimen192
\pgf@pathmaxx=\dimen193
\pgf@pathminy=\dimen194
\pgf@pathmaxy=\dimen195
\pgf@xx=\dimen196
\pgf@xy=\dimen197
\pgf@yx=\dimen198
\pgf@yy=\dimen199
\pgf@zx=\dimen256
\pgf@zy=\dimen257
)
(C:\Users\Yi\AppData\Local\Programs\MiKTeX\tex/generic/pgf/basiclayer\pgfcorepa
thconstruct.code.tex
File: pgfcorepathconstruct.code.tex 2023-01-15 v3.1.10 (3.1.10)
\pgf@path@lastx=\dimen258
\pgf@path@lasty=\dimen259
)
(C:\Users\Yi\AppData\Local\Programs\MiKTeX\tex/generic/pgf/basiclayer\pgfcorepa
thusage.code.tex
File: pgfcorepathusage.code.tex 2023-01-15 v3.1.10 (3.1.10)
\pgf@shorten@end@additional=\dimen260
\pgf@shorten@start@additional=\dimen261
)
(C:\Users\Yi\AppData\Local\Programs\MiKTeX\tex/generic/pgf/basiclayer\pgfcoresc
opes.code.tex
File: pgfcorescopes.code.tex 2023-01-15 v3.1.10 (3.1.10)
\pgfpic=\box67
\pgf@hbox=\box68
\pgf@layerbox@main=\box69
\pgf@picture@serial@count=\count312
)
(C:\Users\Yi\AppData\Local\Programs\MiKTeX\tex/generic/pgf/basiclayer\pgfcoregr
aphicstate.code.tex
File: pgfcoregraphicstate.code.tex 2023-01-15 v3.1.10 (3.1.10)
\pgflinewidth=\dimen262
)
(C:\Users\Yi\AppData\Local\Programs\MiKTeX\tex/generic/pgf/basiclayer\pgfcoretr
ansformations.code.tex
File: pgfcoretransformations.code.tex 2023-01-15 v3.1.10 (3.1.10)
\pgf@pt@x=\dimen263
\pgf@pt@y=\dimen264
\pgf@pt@temp=\dimen265
)
(C:\Users\Yi\AppData\Local\Programs\MiKTeX\tex/generic/pgf/basiclayer\pgfcorequ
ick.code.tex
File: pgfcorequick.code.tex 2023-01-15 v3.1.10 (3.1.10)
)
(C:\Users\Yi\AppData\Local\Programs\MiKTeX\tex/generic/pgf/basiclayer\pgfcoreob
jects.code.tex
File: pgfcoreobjects.code.tex 2023-01-15 v3.1.10 (3.1.10)
)
(C:\Users\Yi\AppData\Local\Programs\MiKTeX\tex/generic/pgf/basiclayer\pgfcorepa
thprocessing.code.tex
File: pgfcorepathprocessing.code.tex 2023-01-15 v3.1.10 (3.1.10)
)
(C:\Users\Yi\AppData\Local\Programs\MiKTeX\tex/generic/pgf/basiclayer\pgfcorear
rows.code.tex
File: pgfcorearrows.code.tex 2023-01-15 v3.1.10 (3.1.10)
\pgfarrowsep=\dimen266
)
(C:\Users\Yi\AppData\Local\Programs\MiKTeX\tex/generic/pgf/basiclayer\pgfcoresh
ade.code.tex
File: pgfcoreshade.code.tex 2023-01-15 v3.1.10 (3.1.10)
\pgf@max=\dimen267
\pgf@sys@shading@range@num=\count313
\pgf@shadingcount=\count314
)
(C:\Users\Yi\AppData\Local\Programs\MiKTeX\tex/generic/pgf/basiclayer\pgfcoreim
age.code.tex
File: pgfcoreimage.code.tex 2023-01-15 v3.1.10 (3.1.10)
)
(C:\Users\Yi\AppData\Local\Programs\MiKTeX\tex/generic/pgf/basiclayer\pgfcoreex
ternal.code.tex
File: pgfcoreexternal.code.tex 2023-01-15 v3.1.10 (3.1.10)
\pgfexternal@startupbox=\box70
)
(C:\Users\Yi\AppData\Local\Programs\MiKTeX\tex/generic/pgf/basiclayer\pgfcorela
yers.code.tex
File: pgfcorelayers.code.tex 2023-01-15 v3.1.10 (3.1.10)
)
(C:\Users\Yi\AppData\Local\Programs\MiKTeX\tex/generic/pgf/basiclayer\pgfcoretr
ansparency.code.tex
File: pgfcoretransparency.code.tex 2023-01-15 v3.1.10 (3.1.10)
)
(C:\Users\Yi\AppData\Local\Programs\MiKTeX\tex/generic/pgf/basiclayer\pgfcorepa
tterns.code.tex
File: pgfcorepatterns.code.tex 2023-01-15 v3.1.10 (3.1.10)
)
(C:\Users\Yi\AppData\Local\Programs\MiKTeX\tex/generic/pgf/basiclayer\pgfcorerd
f.code.tex
File: pgfcorerdf.code.tex 2023-01-15 v3.1.10 (3.1.10)
)))
(C:\Users\Yi\AppData\Local\Programs\MiKTeX\tex/generic/pgf/modules\pgfmodulesha
pes.code.tex
File: pgfmoduleshapes.code.tex 2023-01-15 v3.1.10 (3.1.10)
\pgfnodeparttextbox=\box71
)
(C:\Users\Yi\AppData\Local\Programs\MiKTeX\tex/generic/pgf/modules\pgfmoduleplo
t.code.tex
File: pgfmoduleplot.code.tex 2023-01-15 v3.1.10 (3.1.10)
)
(C:\Users\Yi\AppData\Local\Programs\MiKTeX\tex/latex/pgf/compatibility\pgfcomp-
version-0-65.sty
Package: pgfcomp-version-0-65 2023-01-15 v3.1.10 (3.1.10)
\pgf@nodesepstart=\dimen268
\pgf@nodesepend=\dimen269
)
(C:\Users\Yi\AppData\Local\Programs\MiKTeX\tex/latex/pgf/compatibility\pgfcomp-
version-1-18.sty
Package: pgfcomp-version-1-18 2023-01-15 v3.1.10 (3.1.10)
)) (C:\Users\Yi\AppData\Local\Programs\MiKTeX\tex/latex/tools\verbatim.sty
Package: verbatim 2022-07-02 v1.5u LaTeX2e package for verbatim enhancements
\every@verbatim=\toks38
\verbatim@line=\toks39
\verbatim@in@stream=\read3
) (C:\Users\Yi\AppData\Local\Programs\MiKTeX\tex/latex/environ\environ.sty
Package: environ 2014/05/04 v0.3 A new way to define environments
(C:\Users\Yi\AppData\Local\Programs\MiKTeX\tex/latex/trimspaces\trimspaces.sty
Package: trimspaces 2009/09/17 v1.1 Trim spaces around a token list
))
\tcb@titlebox=\box72
\tcb@upperbox=\box73
\tcb@lowerbox=\box74
\tcb@phantombox=\box75
\c@tcbbreakpart=\count315
\c@tcblayer=\count316
\c@tcolorbox@number=\count317
\tcb@temp=\box76
\tcb@temp=\box77
\tcb@temp=\box78
\tcb@temp=\box79

(C:\Users\Yi\AppData\Local\Programs\MiKTeX\tex/latex/tcolorbox\tcbskins.code.te
x
Library (tcolorbox): 'tcbskins.code.tex' version '6.0.4'

(C:\Users\Yi\AppData\Local\Programs\MiKTeX\tex/latex/pgf/frontendlayer\tikz.sty
(C:\Users\Yi\AppData\Local\Programs\MiKTeX\tex/latex/pgf/utilities\pgffor.sty (
C:\Users\Yi\AppData\Local\Programs\MiKTeX\tex/latex/pgf/utilities\pgfkeys.sty
(C:\Users\Yi\AppData\Local\Programs\MiKTeX\tex/generic/pgf/utilities\pgfkeys.co
de.tex)) (C:\Users\Yi\AppData\Local\Programs\MiKTeX\tex/latex/pgf/math\pgfmath.
sty
(C:\Users\Yi\AppData\Local\Programs\MiKTeX\tex/generic/pgf/math\pgfmath.code.te
x))
(C:\Users\Yi\AppData\Local\Programs\MiKTeX\tex/generic/pgf/utilities\pgffor.cod
e.tex
Package: pgffor 2023-01-15 v3.1.10 (3.1.10)
\pgffor@iter=\dimen270
\pgffor@skip=\dimen271
\pgffor@stack=\toks40
\pgffor@toks=\toks41
))
(C:\Users\Yi\AppData\Local\Programs\MiKTeX\tex/generic/pgf/frontendlayer/tikz\t
ikz.code.tex
Package: tikz 2023-01-15 v3.1.10 (3.1.10)

(C:\Users\Yi\AppData\Local\Programs\MiKTeX\tex/generic/pgf/libraries\pgflibrary
plothandlers.code.tex
File: pgflibraryplothandlers.code.tex 2023-01-15 v3.1.10 (3.1.10)
\pgf@plot@mark@count=\count318
\pgfplotmarksize=\dimen272
)
\tikz@lastx=\dimen273
\tikz@lasty=\dimen274
\tikz@lastxsaved=\dimen275
\tikz@lastysaved=\dimen276
\tikz@lastmovetox=\dimen277
\tikz@lastmovetoy=\dimen278
\tikzleveldistance=\dimen279
\tikzsiblingdistance=\dimen280
\tikz@figbox=\box80
\tikz@figbox@bg=\box81
\tikz@tempbox=\box82
\tikz@tempbox@bg=\box83
\tikztreelevel=\count319
\tikznumberofchildren=\count320
\tikznumberofcurrentchild=\count321
\tikz@fig@count=\count322

(C:\Users\Yi\AppData\Local\Programs\MiKTeX\tex/generic/pgf/modules\pgfmodulemat
rix.code.tex
File: pgfmodulematrix.code.tex 2023-01-15 v3.1.10 (3.1.10)
\pgfmatrixcurrentrow=\count323
\pgfmatrixcurrentcolumn=\count324
\pgf@matrix@numberofcolumns=\count325
)
\tikz@expandcount=\count326

(C:\Users\Yi\AppData\Local\Programs\MiKTeX\tex/generic/pgf/frontendlayer/tikz/l
ibraries\tikzlibrarytopaths.code.tex
File: tikzlibrarytopaths.code.tex 2023-01-15 v3.1.10 (3.1.10)
)))
(C:\Users\Yi\AppData\Local\Programs\MiKTeX\tex/latex/tikzfill\tikzfill.image.st
y
Package: tikzfill.image 2023/08/08 v1.0.1 Image filling library for TikZ

(C:\Users\Yi\AppData\Local\Programs\MiKTeX\tex/latex/tikzfill\tikzfill-common.s
ty
Package: tikzfill-common 2023/08/08 v1.0.1 Auxiliary code for tikzfill
)
(C:\Users\Yi\AppData\Local\Programs\MiKTeX\tex/latex/tikzfill\tikzlibraryfill.i
mage.code.tex
File: tikzlibraryfill.image.code.tex 2023/08/08 v1.0.1 Image filling library
\l__tikzfill_img_box=\box84
))
(C:\Users\Yi\AppData\Local\Programs\MiKTeX\tex/latex/tcolorbox\tcbskinsjigsaw.c
ode.tex
Library (tcolorbox): 'tcbskinsjigsaw.code.tex' version '6.0.4'
))
(C:\Users\Yi\AppData\Local\Programs\MiKTeX\tex/latex/tcolorbox\tcbbreakable.cod
e.tex
Library (tcolorbox): 'tcbbreakable.code.tex' version '6.0.4'
(C:\Users\Yi\AppData\Local\Programs\MiKTeX\tex/latex/pdfcol\pdfcol.sty
Package: pdfcol 2022-09-21 v1.7 Handle new color stacks for pdfTeX (HO)
(C:\Users\Yi\AppData\Local\Programs\MiKTeX\tex/generic/ltxcmds\ltxcmds.sty
Package: ltxcmds 2020-05-10 v1.25 LaTeX kernel commands for general use (HO)
) (C:\Users\Yi\AppData\Local\Programs\MiKTeX\tex/generic/infwarerr\infwarerr.st
y
Package: infwarerr 2019/12/03 v1.5 Providing info/warning/error messages (HO)
)
Package pdfcol Info: Interface disabled because of missing PDF mode of pdfTeX.
)
Package pdfcol Info: pdfTeX's color stacks are not available.
\tcb@testbox=\box85
\tcb@totalupperbox=\box86
\tcb@totallowerbox=\box87
))
(C:\Users\Yi\AppData\Local\Programs\MiKTeX\tex/latex/fontawesome5\fontawesome5.
sty
Package: fontawesome5 2022/05/02 v5.15.4 Font Awesome 5

(C:\Users\Yi\AppData\Local\Programs\MiKTeX\tex/latex/fontawesome5\fontawesome5-
utex-helper.sty
Package: fontawesome5-utex-helper 2022/05/02 v5.15.4 uTeX helper for fontawesom
e5
LaTeX Font Info:    Trying to load font information for TU+fontawesomefree on i
nput line 69.

(C:\Users\Yi\AppData\Local\Programs\MiKTeX\tex/latex/fontawesome5\tufontawesome
free.fd)
LaTeX Font Info:    Trying to load font information for TU+fontawesomebrands on
 input line 70.

(C:\Users\Yi\AppData\Local\Programs\MiKTeX\tex/latex/fontawesome5\tufontawesome
brands.fd))) (C:\Users\Yi\AppData\Local\Programs\MiKTeX\tex/latex/bookmark\book
mark.sty
Package: bookmark 2020-11-06 v1.29 PDF bookmarks (HO)
(C:\Users\Yi\AppData\Local\Programs\MiKTeX\tex/latex/hyperref\hyperref.sty
Package: hyperref 2023-07-08 v7.01b Hypertext links for LaTeX

(C:\Users\Yi\AppData\Local\Programs\MiKTeX\tex/generic/pdftexcmds\pdftexcmds.st
y
Package: pdftexcmds 2020-06-27 v0.33 Utility functions of pdfTeX for LuaTeX (HO
)
Package pdftexcmds Info: \pdf@primitive is available.
Package pdftexcmds Info: \pdf@ifprimitive is available.
Package pdftexcmds Info: \pdfdraftmode not found.
) (C:\Users\Yi\AppData\Local\Programs\MiKTeX\tex/latex/kvsetkeys\kvsetkeys.sty
Package: kvsetkeys 2022-10-05 v1.19 Key value parser (HO)
)
(C:\Users\Yi\AppData\Local\Programs\MiKTeX\tex/generic/kvdefinekeys\kvdefinekey
s.sty
Package: kvdefinekeys 2019-12-19 v1.6 Define keys (HO)
) (C:\Users\Yi\AppData\Local\Programs\MiKTeX\tex/generic/pdfescape\pdfescape.st
y
Package: pdfescape 2019/12/09 v1.15 Implements pdfTeX's escape features (HO)
) (C:\Users\Yi\AppData\Local\Programs\MiKTeX\tex/latex/hycolor\hycolor.sty
Package: hycolor 2020-01-27 v1.10 Color options for hyperref/bookmark (HO)
)
(C:\Users\Yi\AppData\Local\Programs\MiKTeX\tex/latex/letltxmacro\letltxmacro.st
y
Package: letltxmacro 2019/12/03 v1.6 Let assignment for LaTeX macros (HO)
) (C:\Users\Yi\AppData\Local\Programs\MiKTeX\tex/latex/auxhook\auxhook.sty
Package: auxhook 2019-12-17 v1.6 Hooks for auxiliary files (HO)
) (C:\Users\Yi\AppData\Local\Programs\MiKTeX\tex/latex/hyperref\nameref.sty
Package: nameref 2023-08-07 v2.53 Cross-referencing by name of section
(C:\Users\Yi\AppData\Local\Programs\MiKTeX\tex/latex/refcount\refcount.sty
Package: refcount 2019/12/15 v3.6 Data extraction from label references (HO)
)
(C:\Users\Yi\AppData\Local\Programs\MiKTeX\tex/generic/gettitlestring\gettitles
tring.sty
Package: gettitlestring 2019/12/15 v1.6 Cleanup title references (HO)
(C:\Users\Yi\AppData\Local\Programs\MiKTeX\tex/latex/kvoptions\kvoptions.sty
Package: kvoptions 2022-06-15 v3.15 Key value format for package options (HO)
))
\c@section@level=\count327
)
\@linkdim=\dimen281
\Hy@linkcounter=\count328
\Hy@pagecounter=\count329
(C:\Users\Yi\AppData\Local\Programs\MiKTeX\tex/latex/hyperref\pd1enc.def
File: pd1enc.def 2023-07-08 v7.01b Hyperref: PDFDocEncoding definition (HO)
) (C:\Users\Yi\AppData\Local\Programs\MiKTeX\tex/generic/intcalc\intcalc.sty
Package: intcalc 2019/12/15 v1.3 Expandable calculations with integers (HO)
)
\Hy@SavedSpaceFactor=\count330
(C:\Users\Yi\AppData\Local\Programs\MiKTeX\tex/latex/hyperref\puenc.def
File: puenc.def 2023-07-08 v7.01b Hyperref: PDF Unicode definition (HO)
)
Package hyperref Info: Option `unicode' set `true' on input line 4050.
Package hyperref Info: Hyper figures OFF on input line 4167.
Package hyperref Info: Link nesting OFF on input line 4172.
Package hyperref Info: Hyper index ON on input line 4175.
Package hyperref Info: Plain pages OFF on input line 4182.
Package hyperref Info: Backreferencing OFF on input line 4187.
Package hyperref Info: Implicit mode ON; LaTeX internals redefined.
Package hyperref Info: Bookmarks ON on input line 4434.
\c@Hy@tempcnt=\count331
(C:\Users\Yi\AppData\Local\Programs\MiKTeX\tex/latex/url\url.sty
\Urlmuskip=\muskip18
Package: url 2013/09/16  ver 3.4  Verb mode for urls, etc.
)
LaTeX Info: Redefining \url on input line 4772.
\XeTeXLinkMargin=\dimen282
(C:\Users\Yi\AppData\Local\Programs\MiKTeX\tex/generic/bitset\bitset.sty
Package: bitset 2019/12/09 v1.3 Handle bit-vector datatype (HO)

(C:\Users\Yi\AppData\Local\Programs\MiKTeX\tex/generic/bigintcalc\bigintcalc.st
y
Package: bigintcalc 2019/12/15 v1.5 Expandable calculations on big integers (HO
)
))
\Fld@menulength=\count332
\Field@Width=\dimen283
\Fld@charsize=\dimen284
Package hyperref Info: Hyper figures OFF on input line 6051.
Package hyperref Info: Link nesting OFF on input line 6056.
Package hyperref Info: Hyper index ON on input line 6059.
Package hyperref Info: backreferencing OFF on input line 6066.
Package hyperref Info: Link coloring OFF on input line 6071.
Package hyperref Info: Link coloring with OCG OFF on input line 6076.
Package hyperref Info: PDF/A mode OFF on input line 6081.
(C:\Users\Yi\AppData\Local\Programs\MiKTeX\tex/latex/base\atbegshi-ltx.sty
Package: atbegshi-ltx 2021/01/10 v1.0c Emulation of the original atbegshi
package with kernel methods
)
\Hy@abspage=\count333
\c@Item=\count334
\c@Hfootnote=\count335
)
Package hyperref Info: Driver (autodetected): hxetex.
(C:\Users\Yi\AppData\Local\Programs\MiKTeX\tex/latex/hyperref\hxetex.def
File: hxetex.def 2023-07-08 v7.01b Hyperref driver for XeTeX
(C:\Users\Yi\AppData\Local\Programs\MiKTeX\tex/generic/stringenc\stringenc.sty
Package: stringenc 2019/11/29 v1.12 Convert strings between diff. encodings (HO
)
)
\pdfm@box=\box88
\c@Hy@AnnotLevel=\count336
\HyField@AnnotCount=\count337
\Fld@listcount=\count338
\c@bookmark@seq@number=\count339

(C:\Users\Yi\AppData\Local\Programs\MiKTeX\tex/latex/rerunfilecheck\rerunfilech
eck.sty
Package: rerunfilecheck 2022-07-10 v1.10 Rerun checks for auxiliary files (HO)
(C:\Users\Yi\AppData\Local\Programs\MiKTeX\tex/latex/base\atveryend-ltx.sty
Package: atveryend-ltx 2020/08/19 v1.0a Emulation of the original atveryend pac
kage
with kernel methods
)
(C:\Users\Yi\AppData\Local\Programs\MiKTeX\tex/generic/uniquecounter\uniquecoun
ter.sty
Package: uniquecounter 2019/12/15 v1.4 Provide unlimited unique counter (HO)
)
Package uniquecounter Info: New unique counter `rerunfilecheck' on input line 2
85.
)
\Hy@SectionHShift=\skip79
) (C:\Users\Yi\AppData\Local\Programs\MiKTeX\tex/latex/bookmark\bkm-dvipdfm.def
File: bkm-dvipdfm.def 2020-11-06 v1.29 bookmark driver for dvipdfm (HO)
\BKM@id=\count340
)) (C:\Users\Yi\AppData\Local\Programs\MiKTeX\tex/latex/caption\caption.sty
Package: caption 2023/07/31 v3.6n Customizing captions (AR)
(C:\Users\Yi\AppData\Local\Programs\MiKTeX\tex/latex/caption\caption3.sty
Package: caption3 2023/07/31 v2.4d caption3 kernel (AR)
\caption@tempdima=\dimen285
\captionmargin=\dimen286
\caption@leftmargin=\dimen287
\caption@rightmargin=\dimen288
\caption@width=\dimen289
\caption@indent=\dimen290
\caption@parindent=\dimen291
\caption@hangindent=\dimen292
Package caption Info: KOMA-Script document class detected.
(C:\Users\Yi\AppData\Local\Programs\MiKTeX\tex/latex/caption\caption-koma.sto
File: caption-koma.sto 2022/12/27 v2.0c Adaption of the caption package to the 
KOMA-Script document classes (AR)
))
\c@caption@flags=\count341
\c@continuedfloat=\count342
Package caption Info: hyperref package is loaded.
Package caption Info: longtable package is loaded.
(C:\Users\Yi\AppData\Local\Programs\MiKTeX\tex/latex/caption\ltcaption.sty
Package: ltcaption 2021/01/08 v1.4c longtable captions (AR)
)
Package caption Info: KOMA-Script scrextend package detected.
\caption@addmargin@hsize=\dimen293
\caption@addmargin@linewidth=\dimen294
) (C:\Users\Yi\AppData\Local\Programs\MiKTeX\tex/latex/float\float.sty
Package: float 2001/11/08 v1.3d Float enhancements (AL)
\c@float@type=\count343
\float@exts=\toks42
\float@box=\box89
\@float@everytoks=\toks43
\@floatcapt=\box90
)
\@float@every@codelisting=\toks44
\c@codelisting=\count344
(C:\Users\Yi\AppData\Local\Programs\MiKTeX\tex/latex/caption\subcaption.sty
Package: subcaption 2023/07/28 v1.6b Sub-captions (AR)
Package caption Info: New subtype `subfigure' on input line 238.
\c@subfigure=\count345
Package caption Info: New subtype `subtable' on input line 238.
\c@subtable=\count346
) (C:\Users\Yi\AppData\Local\Programs\MiKTeX\tex/latex/xurl\xurl.sty
Package: xurl 2022/01/09 v 0.10 modify URL breaks
)
Package hyperref Info: Option `colorlinks' set `true' on input line 189.
No file index.aux.
\openout1 = `index.aux'.

LaTeX Font Info:    Checking defaults for OML/cmm/m/it on input line 195.
LaTeX Font Info:    ... okay on input line 195.
LaTeX Font Info:    Checking defaults for OMS/cmsy/m/n on input line 195.
LaTeX Font Info:    ... okay on input line 195.
LaTeX Font Info:    Checking defaults for OT1/cmr/m/n on input line 195.
LaTeX Font Info:    ... okay on input line 195.
LaTeX Font Info:    Checking defaults for T1/cmr/m/n on input line 195.
LaTeX Font Info:    ... okay on input line 195.
LaTeX Font Info:    Checking defaults for TS1/cmr/m/n on input line 195.
LaTeX Font Info:    ... okay on input line 195.
LaTeX Font Info:    Checking defaults for TU/lmr/m/n on input line 195.
LaTeX Font Info:    ... okay on input line 195.
LaTeX Font Info:    Checking defaults for OMX/cmex/m/n on input line 195.
LaTeX Font Info:    ... okay on input line 195.
LaTeX Font Info:    Checking defaults for U/cmr/m/n on input line 195.
LaTeX Font Info:    ... okay on input line 195.
LaTeX Font Info:    Checking defaults for PD1/pdf/m/n on input line 195.
LaTeX Font Info:    ... okay on input line 195.
LaTeX Font Info:    Checking defaults for PU/pdf/m/n on input line 195.
LaTeX Font Info:    ... okay on input line 195.
Package scrbase Info: activating english \abstractname on input line 195.
Package scrbase Info: activating english \partname on input line 195.
Package scrbase Info: activating english \chaptername on input line 195.
Package scrbase Info: activating english \appendixname on input line 195.
Package scrbase Info: activating english \figurename on input line 195.
Package scrbase Info: activating english \tablename on input line 195.
Package scrbase Info: activating english \contentsname on input line 195.
Package scrbase Info: activating english \listfigurename on input line 195.
Package scrbase Info: activating english \listtablename on input line 195.
Package scrbase Info: activating english \bibname on input line 195.
Package scrbase Info: activating english \indexname on input line 195.
LaTeX Font Info:    Overwriting math alphabet `\mathrm' in version `normal'
(Font)                  OT1/lmr/m/n --> TU/lmr/m/n on input line 195.
LaTeX Font Info:    Overwriting math alphabet `\mathit' in version `normal'
(Font)                  OT1/lmr/m/it --> TU/lmr/m/it on input line 195.
LaTeX Font Info:    Overwriting math alphabet `\mathbf' in version `normal'
(Font)                  OT1/lmr/bx/n --> TU/lmr/bx/n on input line 195.
LaTeX Font Info:    Overwriting math alphabet `\mathsf' in version `normal'
(Font)                  OT1/lmss/m/n --> TU/lmss/m/n on input line 195.
LaTeX Font Info:    Overwriting math alphabet `\mathsf' in version `bold'
(Font)                  OT1/lmss/bx/n --> TU/lmss/bx/n on input line 195.
LaTeX Font Info:    Overwriting math alphabet `\mathtt' in version `normal'
(Font)                  OT1/lmtt/m/n --> TU/lmtt/m/n on input line 195.
LaTeX Font Info:    Overwriting math alphabet `\mathtt' in version `bold'
(Font)                  OT1/lmtt/m/n --> TU/lmtt/bx/n on input line 195.

Package fontspec Info: latinmodern-math scale = 0.9999967668407183.


Package fontspec Info: latinmodern-math scale = 0.9999967668407183.


Package fontspec Info: latinmodern-math scale = 0.9999967668407183.


Package fontspec Info: Font family 'latinmodern-math.otf(0)' created for font
(fontspec)             'latinmodern-math.otf' with options
(fontspec)             [Scale=MatchLowercase,BoldItalicFont={},ItalicFont={},Sm
allCapsFont={},Script=Math,BoldFont={latinmodern-math.otf}].
(fontspec)              
(fontspec)              This font family consists of the following NFSS
(fontspec)             series/shapes:
(fontspec)              
(fontspec)             - 'normal' (m/n) with NFSS spec.:
(fontspec)             <->s*[0.9999967668407183]"[latinmodern-math.otf]/OT:scri
pt=math;language=dflt;"
(fontspec)             - 'small caps'  (m/sc) with NFSS spec.: 
(fontspec)             - 'bold' (b/n) with NFSS spec.:
(fontspec)             <->s*[0.9999967668407183]"[latinmodern-math.otf]/OT:scri
pt=math;language=dflt;"
(fontspec)             - 'bold small caps'  (b/sc) with NFSS spec.: 

LaTeX Font Info:    Font shape `TU/latinmodern-math.otf(0)/m/n' will be
(Font)              scaled to size 10.95pt on input line 195.

Package fontspec Info: latinmodern-math scale = 0.9999967668407183.


Package fontspec Info: latinmodern-math scale = 0.9999967668407183.


Package fontspec Info: latinmodern-math scale = 0.9999967668407183.


Package fontspec Info: latinmodern-math scale = 0.9999967668407183.


Package fontspec Info: latinmodern-math scale = 0.9999967668407183.


Package fontspec Info: Font family 'latinmodern-math.otf(1)' created for font
(fontspec)             'latinmodern-math.otf' with options
(fontspec)             [Scale=MatchLowercase,BoldItalicFont={},ItalicFont={},Sm
allCapsFont={},Script=Math,SizeFeatures={{Size=9.3075-},{Size=6.57-9.3075,Font=
latinmodern-math.otf,Style=MathScript},{Size=-6.57,Font=latinmodern-math.otf,St
yle=MathScriptScript}},BoldFont={latinmodern-math.otf}].
(fontspec)              
(fontspec)              This font family consists of the following NFSS
(fontspec)             series/shapes:
(fontspec)              
(fontspec)             - 'normal' (m/n) with NFSS spec.:
(fontspec)             <9.3075->s*[0.9999967668407183]"[latinmodern-math.otf]/O
T:script=math;language=dflt;"<6.57-9.3075>s*[0.9999967668407183]"[latinmodern-m
ath.otf]/OT:script=math;language=dflt;+ssty=0;"<-6.57>s*[0.9999967668407183]"[l
atinmodern-math.otf]/OT:script=math;language=dflt;+ssty=1;"
(fontspec)             - 'small caps'  (m/sc) with NFSS spec.: 
(fontspec)             - 'bold' (b/n) with NFSS spec.:
(fontspec)             <->s*[0.9999967668407183]"[latinmodern-math.otf]/OT:scri
pt=math;language=dflt;"
(fontspec)             - 'bold small caps'  (b/sc) with NFSS spec.: 

LaTeX Font Info:    Font shape `TU/latinmodern-math.otf(1)/m/n' will be
(Font)              scaled to size 10.95pt on input line 195.
LaTeX Font Info:    Encoding `OT1' has changed to `TU' for symbol font
(Font)              `operators' in the math version `normal' on input line 195.

LaTeX Font Info:    Overwriting symbol font `operators' in version `normal'
(Font)                  OT1/lmr/m/n --> TU/latinmodern-math.otf(1)/m/n on input
 line 195.
LaTeX Font Info:    Encoding `OT1' has changed to `TU' for symbol font
(Font)              `operators' in the math version `bold' on input line 195.
LaTeX Font Info:    Overwriting symbol font `operators' in version `bold'
(Font)                  OT1/lmr/bx/n --> TU/latinmodern-math.otf(1)/b/n on inpu
t line 195.

Package fontspec Info: latinmodern-math scale = 0.9999967668407183.


Package fontspec Info: latinmodern-math scale = 1.000096766517402.


Package fontspec Info: latinmodern-math scale = 0.9999967668407183.


Package fontspec Info: latinmodern-math scale = 1.000096766517402.


Package fontspec Info: latinmodern-math scale = 0.9999967668407183.


Package fontspec Info: latinmodern-math scale = 1.000096766517402.


Package fontspec Info: latinmodern-math scale = 0.9999967668407183.


Package fontspec Info: latinmodern-math scale = 1.000096766517402.


Package fontspec Info: latinmodern-math scale = 0.9999967668407183.


Package fontspec Info: latinmodern-math scale = 1.000096766517402.


Package fontspec Info: Font family 'latinmodern-math.otf(2)' created for font
(fontspec)             'latinmodern-math.otf' with options
(fontspec)             [Scale=MatchLowercase,BoldItalicFont={},ItalicFont={},Sm
allCapsFont={},Script=Math,SizeFeatures={{Size=9.3075-},{Size=6.57-9.3075,Font=
latinmodern-math.otf,Style=MathScript},{Size=-6.57,Font=latinmodern-math.otf,St
yle=MathScriptScript}},BoldFont={latinmodern-math.otf},ScaleAgain=1.0001,FontAd
justment={\fontdimen
(fontspec)             8\font =7.41315pt\relax \fontdimen 9\font
(fontspec)             =4.3143pt\relax \fontdimen 10\font =4.8618pt\relax
(fontspec)             \fontdimen 11\font =7.5117pt\relax \fontdimen 12\font
(fontspec)             =3.77776pt\relax \fontdimen 13\font =3.97485pt\relax
(fontspec)             \fontdimen 14\font =3.97485pt\relax \fontdimen 15\font
(fontspec)             =3.16455pt\relax \fontdimen 16\font =2.70465pt\relax
(fontspec)             \fontdimen 17\font =2.70465pt\relax \fontdimen 18\font
(fontspec)             =2.7375pt\relax \fontdimen 19\font =2.19pt\relax
(fontspec)             \fontdimen 22\font =2.7375pt\relax \fontdimen 20\font
(fontspec)             =0pt\relax \fontdimen 21\font =0pt\relax }].
(fontspec)              
(fontspec)              This font family consists of the following NFSS
(fontspec)             series/shapes:
(fontspec)              
(fontspec)             - 'normal' (m/n) with NFSS spec.:
(fontspec)             <9.3075->s*[1.000096766517402]"[latinmodern-math.otf]/OT
:script=math;language=dflt;"<6.57-9.3075>s*[1.000096766517402]"[latinmodern-mat
h.otf]/OT:script=math;language=dflt;+ssty=0;"<-6.57>s*[1.000096766517402]"[lati
nmodern-math.otf]/OT:script=math;language=dflt;+ssty=1;"
(fontspec)             - 'small caps'  (m/sc) with NFSS spec.: 
(fontspec)             and font adjustment code:
(fontspec)             \fontdimen 8\font =7.41315pt\relax \fontdimen 9\font
(fontspec)             =4.3143pt\relax \fontdimen 10\font =4.8618pt\relax
(fontspec)             \fontdimen 11\font =7.5117pt\relax \fontdimen 12\font
(fontspec)             =3.77776pt\relax \fontdimen 13\font =3.97485pt\relax
(fontspec)             \fontdimen 14\font =3.97485pt\relax \fontdimen 15\font
(fontspec)             =3.16455pt\relax \fontdimen 16\font =2.70465pt\relax
(fontspec)             \fontdimen 17\font =2.70465pt\relax \fontdimen 18\font
(fontspec)             =2.7375pt\relax \fontdimen 19\font =2.19pt\relax
(fontspec)             \fontdimen 22\font =2.7375pt\relax \fontdimen 20\font
(fontspec)             =0pt\relax \fontdimen 21\font =0pt\relax 
(fontspec)             - 'bold' (b/n) with NFSS spec.:
(fontspec)             <->s*[1.000096766517402]"[latinmodern-math.otf]/OT:scrip
t=math;language=dflt;"
(fontspec)             - 'bold small caps'  (b/sc) with NFSS spec.: 
(fontspec)             and font adjustment code:
(fontspec)             \fontdimen 8\font =7.41315pt\relax \fontdimen 9\font
(fontspec)             =4.3143pt\relax \fontdimen 10\font =4.8618pt\relax
(fontspec)             \fontdimen 11\font =7.5117pt\relax \fontdimen 12\font
(fontspec)             =3.77776pt\relax \fontdimen 13\font =3.97485pt\relax
(fontspec)             \fontdimen 14\font =3.97485pt\relax \fontdimen 15\font
(fontspec)             =3.16455pt\relax \fontdimen 16\font =2.70465pt\relax
(fontspec)             \fontdimen 17\font =2.70465pt\relax \fontdimen 18\font
(fontspec)             =2.7375pt\relax \fontdimen 19\font =2.19pt\relax
(fontspec)             \fontdimen 22\font =2.7375pt\relax \fontdimen 20\font
(fontspec)             =0pt\relax \fontdimen 21\font =0pt\relax 

LaTeX Font Info:    Encoding `OMS' has changed to `TU' for symbol font
(Font)              `symbols' in the math version `normal' on input line 195.
LaTeX Font Info:    Overwriting symbol font `symbols' in version `normal'
(Font)                  OMS/lmsy/m/n --> TU/latinmodern-math.otf(2)/m/n on inpu
t line 195.
LaTeX Font Info:    Encoding `OMS' has changed to `TU' for symbol font
(Font)              `symbols' in the math version `bold' on input line 195.
LaTeX Font Info:    Overwriting symbol font `symbols' in version `bold'
(Font)                  OMS/lmsy/b/n --> TU/latinmodern-math.otf(2)/b/n on inpu
t line 195.

Package fontspec Info: latinmodern-math scale = 0.9999967668407183.


Package fontspec Info: latinmodern-math scale = 0.9998967671640342.


Package fontspec Info: latinmodern-math scale = 0.9999967668407183.


Package fontspec Info: latinmodern-math scale = 0.9998967671640342.


Package fontspec Info: latinmodern-math scale = 0.9999967668407183.


Package fontspec Info: latinmodern-math scale = 0.9998967671640342.


Package fontspec Info: latinmodern-math scale = 0.9999967668407183.


Package fontspec Info: latinmodern-math scale = 0.9998967671640342.


Package fontspec Info: latinmodern-math scale = 0.9999967668407183.


Package fontspec Info: latinmodern-math scale = 0.9998967671640342.


Package fontspec Info: Font family 'latinmodern-math.otf(3)' created for font
(fontspec)             'latinmodern-math.otf' with options
(fontspec)             [Scale=MatchLowercase,BoldItalicFont={},ItalicFont={},Sm
allCapsFont={},Script=Math,SizeFeatures={{Size=9.3075-},{Size=6.57-9.3075,Font=
latinmodern-math.otf,Style=MathScript},{Size=-6.57,Font=latinmodern-math.otf,St
yle=MathScriptScript}},BoldFont={latinmodern-math.otf},ScaleAgain=0.9999,FontAd
justment={\fontdimen
(fontspec)             8\font =0.438pt\relax \fontdimen 9\font =2.19pt\relax
(fontspec)             \fontdimen 10\font =1.82864pt\relax \fontdimen 11\font
(fontspec)             =1.21545pt\relax \fontdimen 12\font =6.56999pt\relax
(fontspec)             \fontdimen 13\font =0pt\relax }].
(fontspec)              
(fontspec)              This font family consists of the following NFSS
(fontspec)             series/shapes:
(fontspec)              
(fontspec)             - 'normal' (m/n) with NFSS spec.:
(fontspec)             <9.3075->s*[0.9998967671640342]"[latinmodern-math.otf]/O
T:script=math;language=dflt;"<6.57-9.3075>s*[0.9998967671640342]"[latinmodern-m
ath.otf]/OT:script=math;language=dflt;+ssty=0;"<-6.57>s*[0.9998967671640342]"[l
atinmodern-math.otf]/OT:script=math;language=dflt;+ssty=1;"
(fontspec)             - 'small caps'  (m/sc) with NFSS spec.: 
(fontspec)             and font adjustment code:
(fontspec)             \fontdimen 8\font =0.438pt\relax \fontdimen 9\font
(fontspec)             =2.19pt\relax \fontdimen 10\font =1.82864pt\relax
(fontspec)             \fontdimen 11\font =1.21545pt\relax \fontdimen 12\font
(fontspec)             =6.56999pt\relax \fontdimen 13\font =0pt\relax 
(fontspec)             - 'bold' (b/n) with NFSS spec.:
(fontspec)             <->s*[0.9998967671640342]"[latinmodern-math.otf]/OT:scri
pt=math;language=dflt;"
(fontspec)             - 'bold small caps'  (b/sc) with NFSS spec.: 
(fontspec)             and font adjustment code:
(fontspec)             \fontdimen 8\font =0.438pt\relax \fontdimen 9\font
(fontspec)             =2.19pt\relax \fontdimen 10\font =1.82864pt\relax
(fontspec)             \fontdimen 11\font =1.21545pt\relax \fontdimen 12\font
(fontspec)             =6.56999pt\relax \fontdimen 13\font =0pt\relax 

LaTeX Font Info:    Encoding `OMX' has changed to `TU' for symbol font
(Font)              `largesymbols' in the math version `normal' on input line 1
95.
LaTeX Font Info:    Overwriting symbol font `largesymbols' in version `normal'
(Font)                  OMX/lmex/m/n --> TU/latinmodern-math.otf(3)/m/n on inpu
t line 195.
LaTeX Font Info:    Encoding `OMX' has changed to `TU' for symbol font
(Font)              `largesymbols' in the math version `bold' on input line 195
.
LaTeX Font Info:    Overwriting symbol font `largesymbols' in version `bold'
(Font)                  OMX/lmex/m/n --> TU/latinmodern-math.otf(3)/b/n on inpu
t line 195.
LaTeX Info: Redefining \microtypecontext on input line 195.
Package microtype Info: Applying patch `item' on input line 195.
Package microtype Info: Applying patch `toc' on input line 195.
Package microtype Info: Applying patch `eqnum' on input line 195.
Package microtype Info: Applying patch `footnote' on input line 195.
Package microtype Info: Applying patch `verbatim' on input line 195.
Package microtype Info: Character protrusion enabled (level 2).
Package microtype Info: Using protrusion set `basicmath'.
Package microtype Info: No adjustment of tracking.
Package microtype Info: No adjustment of spacing.
Package microtype Info: No adjustment of kerning.

(C:\Users\Yi\AppData\Local\Programs\MiKTeX\tex/latex/microtype\mt-LatinModernRo
man.cfg
File: mt-LatinModernRoman.cfg 2021/02/21 v1.1 microtype config. file: Latin Mod
ern Roman (RS)
)
Package hyperref Info: Link coloring ON on input line 195.

Package hyperref Warning: Rerun to get /PageLabels entry.

Package caption Info: Begin \AtBeginDocument code.
Package caption Info: float package is loaded.
Package caption Info: End \AtBeginDocument code.
Package microtype Info: Loading generic protrusion settings for font family
(microtype)             `lmss' (encoding: TU).
(microtype)             For optimal results, create family-specific settings.
(microtype)             See the microtype manual for details.
LaTeX Font Info:    Font shape `TU/latinmodern-math.otf(1)/m/n' will be
(Font)              scaled to size 14.4pt on input line 197.
LaTeX Font Info:    Font shape `TU/latinmodern-math.otf(1)/m/n' will be
(Font)              scaled to size 10.0pt on input line 197.
LaTeX Font Info:    Font shape `TU/latinmodern-math.otf(1)/m/n' will be
(Font)              scaled to size 7.0pt on input line 197.
LaTeX Font Info:    Trying to load font information for OML+lmm on input line 1
97.
(C:\Users\Yi\AppData\Local\Programs\MiKTeX\tex/latex/lm\omllmm.fd
File: omllmm.fd 2015/05/01 v1.6.1 Font defs for Latin Modern
)
LaTeX Font Info:    Font shape `TU/latinmodern-math.otf(2)/m/n' will be
(Font)              scaled to size 14.4013pt on input line 197.
LaTeX Font Info:    Font shape `TU/latinmodern-math.otf(2)/m/n' will be
(Font)              scaled to size 10.00092pt on input line 197.
LaTeX Font Info:    Font shape `TU/latinmodern-math.otf(2)/m/n' will be
(Font)              scaled to size 7.00064pt on input line 197.
LaTeX Font Info:    Font shape `TU/latinmodern-math.otf(3)/m/n' will be
(Font)              scaled to size 14.39845pt on input line 197.
LaTeX Font Info:    Font shape `TU/latinmodern-math.otf(3)/m/n' will be
(Font)              scaled to size 9.99893pt on input line 197.
LaTeX Font Info:    Font shape `TU/latinmodern-math.otf(3)/m/n' will be
(Font)              scaled to size 6.99925pt on input line 197.
LaTeX Font Info:    Trying to load font information for U+msa on input line 197
.
(C:\Users\Yi\AppData\Local\Programs\MiKTeX\tex/latex/amsfonts\umsa.fd
File: umsa.fd 2013/01/14 v3.01 AMS symbols A
) (C:\Users\Yi\AppData\Local\Programs\MiKTeX\tex/latex/microtype\mt-msa.cfg
File: mt-msa.cfg 2006/02/04 v1.1 microtype config. file: AMS symbols (a) (RS)
)
LaTeX Font Info:    Trying to load font information for U+msb on input line 197
.
(C:\Users\Yi\AppData\Local\Programs\MiKTeX\tex/latex/amsfonts\umsb.fd
File: umsb.fd 2013/01/14 v3.01 AMS symbols B
) (C:\Users\Yi\AppData\Local\Programs\MiKTeX\tex/latex/microtype\mt-msb.cfg
File: mt-msb.cfg 2005/06/01 v1.0 microtype config. file: AMS symbols (b) (RS)
) [1



]
Package tocbasic Info: character protrusion at toc deactivated on input line 20
1.
No file index.toc.
\tf@toc=\write4
\openout4 = `index.toc'.

[2

]
LaTeX Font Info:    Font shape `TU/latinmodern-math.otf(1)/m/n' will be
(Font)              scaled to size 7.665pt on input line 217.
LaTeX Font Info:    Font shape `TU/latinmodern-math.otf(1)/m/n' will be
(Font)              scaled to size 5.475pt on input line 217.
LaTeX Font Info:    Font shape `TU/latinmodern-math.otf(2)/m/n' will be
(Font)              scaled to size 10.95099pt on input line 217.
LaTeX Font Info:    Font shape `TU/latinmodern-math.otf(2)/m/n' will be
(Font)              scaled to size 7.66568pt on input line 217.
LaTeX Font Info:    Font shape `TU/latinmodern-math.otf(2)/m/n' will be
(Font)              scaled to size 5.4755pt on input line 217.
LaTeX Font Info:    Font shape `TU/latinmodern-math.otf(3)/m/n' will be
(Font)              scaled to size 10.94882pt on input line 217.
LaTeX Font Info:    Font shape `TU/latinmodern-math.otf(3)/m/n' will be
(Font)              scaled to size 7.66417pt on input line 217.
LaTeX Font Info:    Font shape `TU/latinmodern-math.otf(3)/m/n' will be
(Font)              scaled to size 5.47441pt on input line 217.
[3

]
chapter 1.

Class scrreprt Warning: \float@addtolists detected!
(scrreprt)              Implementation of \float@addtolist became
(scrreprt)              deprecated in KOMA-Script v3.01 2008/11/14 and
(scrreprt)              has been replaced by several more flexible
(scrreprt)              features of package `tocbasic`.
(scrreprt)              Since Version 3.12 support for deprecated
(scrreprt)              \float@addtolist interface has been
(scrreprt)              restricted to only some of the KOMA-Script
(scrreprt)              features and been removed from others.
(scrreprt)              Loading of package `scrhack' may help to
(scrreprt)              avoid this warning, if you are using a
(scrreprt)              a package that still implements the
(scrreprt)              deprecated \float@addtolist interface.


Overfull \hbox (178.48479pt too wide) in paragraph at lines 262--262
 []  \TU/lmtt/m/n/10.95 pip install -r https://raw.githubusercontent.com/intro-
stat-learning/ISLP_labs/v2.1.2/requirements.txt[] 
 []

[4

]
Overfull \hbox (128.08748pt too wide) in paragraph at lines 316--321
[]\TU/lmtt/m/n/10.95 git clone \TU/lmr/m/n/10.95 the project folder (example: \
TU/lmtt/m/n/10.95 git clone https://github.com/intro-stat-learning/ISLP_labs.gi
t\TU/lmr/m/n/10.95 )
 []

[5] [6]
chapter 2.
[7

] [8] [9] [10] [11]
Overfull \hbox (162.60733pt too wide) in paragraph at lines 661--661
[]\TU/lmtt/m/n/10.95 A[[1,3]] # row 1 and 3. Note the outer [] is considered as
 the operator, so only row indices are provided.[] 
 []


Overfull \hbox (208.59732pt too wide) in paragraph at lines 669--669
[]\TU/lmtt/m/n/10.95 A[keep_rows, keep_cols] # keep_rows, keep_cols are boolean
 arrays of the same length of rows or cols, respectively[] 
 []


Overfull \hbox (110.86859pt too wide) in paragraph at lines 670--670
[]\TU/lmtt/m/n/10.95 A[np.ix_([1,3],keep_cols)] # np.ix_()can be applied to mix
ture of integer array and boolean array[] 
 []


Overfull \hbox (30.38611pt too wide) in paragraph at lines 677--677
[]\TU/lmtt/m/n/10.95 np.random.normal(loc=0.0, scale=1.0,size=None) # size can 
be an integer or a tuple.[] 
 []

[12]
Overfull \hbox (7.39111pt too wide) in paragraph at lines 706--706
[]\TU/lmtt/m/n/10.95 fig, ((ax1, ax2), (ax3, ax4)) = plt.subplots(nrows=2, ncol
s=2, figsize=(10,10))[] 
 []


Overfull \hbox (340.81854pt too wide) in paragraph at lines 708--708
[]\TU/lmtt/m/n/10.95 ax[0,1].plot(x, y,marker=[]o[], []r--[], linewidth=3); #li
ne plot. [];[] suppresses the text output. pick ax[0,1] when there are  multipl
e axes[] 
 []


Overfull \hbox (13.13986pt too wide) in paragraph at lines 709--709
[]\TU/lmtt/m/n/10.95 ax.plot([min(fitted),max(fitted)],[0,0],color = []k[],line
style = []:[], alpha = .3)[] 
 []


Overfull \hbox (36.13484pt too wide) in paragraph at lines 718--718
[]\TU/lmtt/m/n/10.95 fig.set_size_inches(12,3) # access the fig object to chang
e fig size (width, height)[] 
 []


Overfull \hbox (76.3761pt too wide) in paragraph at lines 720--720
[]\TU/lmtt/m/n/10.95 fig.savefig("Figure.pdf", dpi=200); #save a figure into pd
f. Other formats: .jpg, .png, etc[] 
 []

[13]
Overfull \hbox (30.38611pt too wide) in paragraph at lines 730--730
[]\TU/lmtt/m/n/10.95 ax.contour(x, y, f, levels=None); # numbre of levels. if N
one, automatically choose[] 
 []


Overfull \hbox (47.63235pt too wide) in paragraph at lines 759--759
[]\TU/lmtt/m/n/10.95 df.drop(index=[[]Ohio[],[]Colorado[]]) #eqivalent to: df.d
rop([[]Ohio[],[]Colorado[]], axis=0)[] 
 []


Overfull \hbox (18.88861pt too wide) in paragraph at lines 760--760
[]\TU/lmtt/m/n/10.95 auto_df.drop(auto_df.index[10:86]) # drop rows with index[
10:86] not including 86[] 
 []


Overfull \hbox (105.11984pt too wide) in paragraph at lines 764--764
[]\TU/lmtt/m/n/10.95 pd.Series(Auto.cylinders, dtype=[]category[]) # convert th
e column []cylinders[] to []category[] dtype[] 
 []

[14]
Overfull \hbox (1.64236pt too wide) in paragraph at lines 772--772
[]\TU/lmtt/m/n/10.95 college_df.rename(columns={college_df.columns[0] : "Colleg
e"}, inplace=True) #[] 
 []


Overfull \hbox (185.60233pt too wide) in paragraph at lines 777--777
[]                          \TU/lmtt/m/n/10.95 right=True,# True: right-inclusi
ve (default) for each bin ( ]; False:rigth-exclusive[] 
 []


Overfull \hbox (47.63235pt too wide) in paragraph at lines 792--792
[]\TU/lmtt/m/n/10.95 Auto_re.iloc[[3,4]] #integer-based row seleciton: rows 3 a
nd 4 (index starting from 0)[] 
 []


Overfull \hbox (64.8786pt too wide) in paragraph at lines 809--809
[]\TU/lmtt/m/n/10.95 Auto_re.loc[Auto_re[[]year[]] > 80, [[]weight[], []origin[
]]] # mix bolean indexing with labels[] 
 []

[15]
Overfull \hbox (162.60733pt too wide) in paragraph at lines 821--821
[]\TU/lmtt/m/n/10.95 ax = Auto.plot.scatter([]horsepower[], []mpg[]) #scatter p
lot of []horsepower[] vs []mpg[] from the dataframe Auto[] 
 []


Overfull \hbox (156.85857pt too wide) in paragraph at lines 826--826
[]\TU/lmtt/m/n/10.95 plt.gcf().subplots_adjust(bottom=0.05, left=0.1, top=0.95,
 right=0.95) #in percentage of the figure size.[] 
 []


Overfull \hbox (260.33606pt too wide) in paragraph at lines 842--842
[]\TU/lmtt/m/n/10.95 Auto.cylinders = pd.Series(Auto.cylinders, dtype=[]categor
y[]) # needs to convert the []cylinders[] column to categorical dtype[] 
 []

[16]
chapter 3.
[17

] [18] [19] [20]

LaTeX Warning: Reference `eq-subset-hypothesis' on page 21 undefined on input l
ine 1087.

[21]

LaTeX Warning: Reference `eq-correlation-rxy' on page 22 undefined on input lin
e 1138.

[22] [23] [24]
Overfull \hbox (13.13986pt too wide) in paragraph at lines 1284--1284
[][] \TU/lmtt/m/n/10.95 + [].join(X.columns) # form a string by joining the lis
t of column names by "+"[] 
 []


Overfull \hbox (24.63736pt too wide) in paragraph at lines 1300--1300
[]                  []\TU/lmtt/m/n/10.95 lstat[]: Boston[[]lstat[]]}) # make a 
dataframe using a dictionary[] 
 []


Overfull \hbox (128.11484pt too wide) in paragraph at lines 1301--1301
[]\TU/lmtt/m/n/10.95 Boston.columns.drop([]medv[],[]age[]) # drop the elements 
[]medv[] and []age[] from the list of column names[] 
 []


Overfull \hbox (1.64236pt too wide) in paragraph at lines 1304--1304
[]                   \TU/lmtt/m/n/10.95 index=X.columns[1:]) # form a df by spe
cifying index labels[] 
 []


Overfull \hbox (41.88359pt too wide) in paragraph at lines 1310--1310
[]\TU/lmtt/m/n/10.95 pd.to_numeric(auto_df[[]horsepower[]], errors=[]coerce[]) 
# if error, denote it by "NaN".[] 
 []


Overfull \hbox (294.82854pt too wide) in paragraph at lines 1311--1311
[]\TU/lmtt/m/n/10.95 auto_df.dropna(subset= [[]horsepower[], []mpg[],], inplace
=True) # looking for NaN in the columns in []subset[], otherwise, all columns[]
 
 []


Overfull \hbox (18.88861pt too wide) in paragraph at lines 1316--1316
[]\TU/lmtt/m/n/10.95 left1.join(right1, on="key") # left-join by left1["key"] a
nd the index of right1.[] 
 []

[25]
Overfull \hbox (13.13986pt too wide) in paragraph at lines 1330--1330
[]\TU/lmtt/m/n/10.95 ax.plot([min(fitted),max(fitted)],[0,0],color = []k[],line
style = []:[], alpha = .3)[] 
 []


Overfull \hbox (1.64236pt too wide) in paragraph at lines 1332--1332
[]\TU/lmtt/m/n/10.95 ax.annotate(i,xy=(fitted[i],residuals[i])) # annote at the
 xy position with i.[] 
 []


Overfull \hbox (59.12985pt too wide) in paragraph at lines 1351--1351
[]\TU/lmtt/m/n/10.95 sns.heatmap(corr, cbar=True, annot=True, square=True, fmt=
[].2f[], annot_kws={[]size[]: 10})[] 
 []

[26]
Overfull \hbox (64.8786pt too wide) in paragraph at lines 1400--1400
[]\TU/lmtt/m/n/10.95 X = pd.DataFrame({[]intercept[]: np.ones(Boston.shape[0]),
 #design matrix. intercept column[] 
 []


Overfull \hbox (300.5773pt too wide) in paragraph at lines 1403--1403
[]\TU/lmtt/m/n/10.95 design = MS([[]lstat[]]) # specifying the model variables.
 Automatically add an intercept, adding "intercept=False" if no intercept.[] 
 []


Overfull \hbox (869.70343pt too wide) in paragraph at lines 1404--1404
[]\TU/lmtt/m/n/10.95 design = design.fit(Boston) # do intial computation as spe
cified in the model object design by MS(), such as means or sd. This attached s
ome statistics to the []design[] object, and need to be applied to the new data
 for prediciton[] 
 []


Overfull \hbox (47.63235pt too wide) in paragraph at lines 1406--1406
[]\TU/lmtt/m/n/10.95 X = design.transform(Boston) # apply the fitted transforma
tion to the data to create X[] 
 []


Overfull \hbox (47.63234pt too wide) in paragraph at lines 1408--1408
[]\TU/lmtt/m/n/10.95 X = design.fit_transform(Boston) # this combines the .fit(
) and .transform() two lines[] 
 []

[27]
Overfull \hbox (47.63235pt too wide) in paragraph at lines 1412--1412
[]\TU/lmtt/m/n/10.95 model = smf.ols([]mpg ~ horsepower[], data=auto_df) # alte
rnatively use smf formula, y~x[] 
 []


Overfull \hbox (70.62735pt too wide) in paragraph at lines 1425--1425
[]\TU/lmtt/m/n/10.95 summarize(results) # summzrize() is from ISLP to show the 
esstial results from model.fit()[] 
 []


Overfull \hbox (139.61234pt too wide) in paragraph at lines 1428--1428
[]\TU/lmtt/m/n/10.95 new_df = pd.DataFrame({[]lstat[]:[5, 10, 15]})  # new test
-set containing data where to make predicitons[] 
 []


Overfull \hbox (64.8786pt too wide) in paragraph at lines 1434--1434
[]\TU/lmtt/m/n/10.95 new_predictions.conf_int(obs=True, alpha=0.05) # predictio
n intervals by setting obs=True[] 
 []


Overfull \hbox (30.3861pt too wide) in paragraph at lines 1439--1439
[]        \TU/lmtt/m/n/10.95 ([]lstat[], []age[])]).fit_transform(Boston) #inte
raction term ([]lstat[], []age[])[] 
 []


Overfull \hbox (605.26099pt too wide) in paragraph at lines 1442--1442
[]\TU/lmtt/m/n/10.95 X = MS([poly([]lstat[], degree=2), []age[]]).fit_transform
(Boston) # Note poly is from ISLP, # adding deg1 and deg2 terms. by default pol
y creates ortho. poly. not including an intercept.[] 
 []


Overfull \hbox (432.79852pt too wide) in paragraph at lines 1444--1444
[]\TU/lmtt/m/n/10.95 variables automatically, to avoid collinearity with an int
ercept, the first column is dropped in the design matrix generated by []ModelSp
ec()[] by default.[] 
 []


Overfull \hbox (197.09982pt too wide) in paragraph at lines 1447--1447
[]\TU/lmtt/m/n/10.95 anova_lm(results1, results3) # result1 is the result of li
near model, an result3 is the result of a larger model[] 
 []


Overfull \hbox (7.3911pt too wide) in paragraph at lines 1452--1452
[]\TU/lmtt/m/n/10.95 np.argmax(infl.hat_matrix_diag) # identify the location of
 the largest levarage[] 
 []

[28]
Overfull \hbox (41.8836pt too wide) in paragraph at lines 1456--1456
[]        \TU/lmtt/m/n/10.95 for i in range(1, X.shape[1])] #excluding column 0
 because it[]s all 1[]s in X.[] 
 []


Overfull \hbox (82.12485pt too wide) in paragraph at lines 1483--1483
[]\TU/lmtt/m/n/10.95 # Plot residuals vs. fitted values (note, not vs x, theref
ore works for multiple regression)[] 
 []


Overfull \hbox (24.63736pt too wide) in paragraph at lines 1498--1498
[]\TU/lmtt/m/n/10.95 # QQ plot for the residuas (obtain studentized residuals f
or identifying outliers)[] 
 []


Overfull \hbox (70.62732pt too wide) in paragraph at lines 1500--1500
[]\TU/lmtt/m/n/10.95 sorted_student_residuals = pd.Series(smf_model.get_influen
ce().resid_studentized_internal)[] 
 []


Overfull \hbox (18.88861pt too wide) in paragraph at lines 1502--1502
[]\TU/lmtt/m/n/10.95 sorted_student_residuals = sorted_student_residuals.sort_v
alues(ascending = True)[] 
 []

[29]
Overfull \hbox (168.35608pt too wide) in paragraph at lines 1507--1507
[]\TU/lmtt/m/n/10.95 df[[]theoretical_quantiles[]] = stats.probplot(df[[]sorted
_student_residuals[]], dist = []norm[], fit = False)[0][] 
 []


Overfull \hbox (7.3911pt too wide) in paragraph at lines 1521--1521
[]\TU/lmtt/m/n/10.95 np.argmax(infl.hat_matrix_diag) # identify the location of
 the largest levarage[] 
 []

[30]
chapter 4.
[31

] (C:\Users\Yi\AppData\Local\Programs\MiKTeX\tex/latex/microtype\mt-TU-empty.cf
g
File: mt-TU-empty.cfg 2021/06/22 v1.1 microtype config. file: fonts with nonsta
ndard glyph set (RS)
) [32] [33] [34] [35] [36] [37] [38]
Overfull \hbox (565.01974pt too wide) in paragraph at lines 1950--1950
[]\TU/lmtt/m/n/10.95 obj2 = obj.reindex(["a", "b", "c", "d", "e"])# rearrange t
he entries in obj according to the new index, introducing missing values if any
 index values were not already present.[] 
 []


Overfull \hbox (145.36108pt too wide) in paragraph at lines 1959--1959
[]          \TU/lmtt/m/n/10.95 linestyle=[]--[], slope=1);#axline method draw a
 line passing a given point with a given slope.[] 
 []

[39]
Overfull \hbox (53.3811pt too wide) in paragraph at lines 1978--1978
[]\TU/lmtt/m/n/10.95 probs = results.predict() #without data set, calculate pre
dictions on the training set.[] 
 []


Overfull \hbox (1277.8646pt too wide) in paragraph at lines 1988--1988
[]\TU/lmtt/m/n/10.95 hr_encode = contrast([]hr[], []sum[]) #coding scheme for c
ategorical data: the unreported coefficient for the missing level equals to the
 negative ofthe sum of the coefficients of all other variables. In this a coeff
icient for a level may be interpreted as the differnece from the mean level of 
response.[] 
 []


Overfull \hbox (7.39111pt too wide) in paragraph at lines 2012--2012
[]\TU/lmtt/m/n/10.95 lda.fit(X_train, L_train) # LDA() model will automatically
 add a intercept term[] 
 []

[40]
Overfull \hbox (294.82855pt too wide) in paragraph at lines 2018--2018
[]\TU/lmtt/m/n/10.95 lda.scalings_ #Scaling of the features in the space spanne
d by the class centroids. Only available for svd and eigen solvers.[] 
 []


Overfull \hbox (271.83354pt too wide) in paragraph at lines 2059--2059
[]\TU/lmtt/m/n/10.95 logit = LogisticRegression(C=1e10, solver=[]liblinear[]) #
use solver=[]liblinear[]to avoid warning that the alg doesnot converge.[] 
 []

[41]
Overfull \hbox (7.39111pt too wide) in paragraph at lines 2073--2073
[]    \TU/lmtt/m/n/10.95 templ = ([]K={0:d}: # predicted to rent: {1:>2},[] +  
# > for right alighment[] 
 []

[42]
chapter 5.

Underfull \hbox (badness 3058) in paragraph at lines 2130--2135
[]\TU/lmr/m/n/10.95 K-fold Cross-Validation: randomly divide the data into $[]$
 equal-sized parts
 []

[43

] [44]
Overfull \hbox (151.10983pt too wide) in paragraph at lines 2247--2247
[]\TU/lmtt/m/n/10.95 np.cov(D[[[]X[],[]Y[]]].loc[idx], rowvar=False) #cov compu
te corr of variables. rowvar-False: cols are vars.[] 
 []

[45] [46]
Overfull \hbox (53.3811pt too wide) in paragraph at lines 2307--2307
[]\TU/lmtt/m/n/10.95 quad_model = MS([poly([]horsepower[], 2, raw=True)]) #raw=
True: not normalize the feature[] 
 []


Overfull \hbox (30.38611pt too wide) in paragraph at lines 2332--2332
[]                            \TU/lmtt/m/n/10.95 cv=Auto.shape[0]) #cv=K.loocv.
 Can use cv=KFold()object[] 
 []

[47]
Overfull \hbox (93.62234pt too wide) in paragraph at lines 2362--2362
[]\TU/lmtt/m/n/10.95 hp_model.fit(Auto, Auto[[]mpg[]]) # hp_model is a sklearn 
model sk_model.fit(X, Y) for trainning[] 
 []


Overfull \hbox (18.8886pt too wide) in paragraph at lines 2363--2363
[]\TU/lmtt/m/n/10.95 model_se = summarize(hp_model.results_)[[]std err[]] #summ
arize is an ISLP function[] 
 []

[48]
chapter 6.

Package amsmath Warning: Foreign command \atopwithdelims;
(amsmath)                \frac or \genfrac should be used instead
(amsmath)                 on input line 2418.

[49

] [50] [51] [52] [53]
LaTeX Font Info:    Font shape `TU/latinmodern-math.otf(1)/m/n' will be
(Font)              scaled to size 12.0pt on input line 2727.
LaTeX Font Info:    Font shape `TU/latinmodern-math.otf(1)/m/n' will be
(Font)              scaled to size 8.0pt on input line 2727.
LaTeX Font Info:    Font shape `TU/latinmodern-math.otf(1)/m/n' will be
(Font)              scaled to size 6.0pt on input line 2727.
LaTeX Font Info:    Font shape `TU/latinmodern-math.otf(2)/m/n' will be
(Font)              scaled to size 12.0011pt on input line 2727.
LaTeX Font Info:    Font shape `TU/latinmodern-math.otf(2)/m/n' will be
(Font)              scaled to size 8.00073pt on input line 2727.
LaTeX Font Info:    Font shape `TU/latinmodern-math.otf(2)/m/n' will be
(Font)              scaled to size 6.00055pt on input line 2727.
LaTeX Font Info:    Font shape `TU/latinmodern-math.otf(3)/m/n' will be
(Font)              scaled to size 11.99872pt on input line 2727.
LaTeX Font Info:    Font shape `TU/latinmodern-math.otf(3)/m/n' will be
(Font)              scaled to size 7.99915pt on input line 2727.
LaTeX Font Info:    Font shape `TU/latinmodern-math.otf(3)/m/n' will be
(Font)              scaled to size 5.99936pt on input line 2727.
[54]

LaTeX Warning: Reference `eq-PCA' on page 55 undefined on input line 2762.


LaTeX Warning: Reference `eq-PCAR' on page 55 undefined on input line 2763.


LaTeX Warning: Reference `eq-pcar-beta' on page 55 undefined on input line 2767
.


LaTeX Warning: Reference `eq-PCAR' on page 55 undefined on input line 2769.


LaTeX Warning: Reference `eq-pcar-beta' on page 55 undefined on input line 2771
.

[55] [56]
Overfull \hbox (7.39111pt too wide) in paragraph at lines 2862--2862
[]\TU/lmtt/m/n/10.95 sigma2 = OLS(Y,X).fit().scale  #.scale: RSE: residual stan
dard error estimating[] 
 []


Overfull \hbox (1.64236pt too wide) in paragraph at lines 2875--2875
[]                               \TU/lmtt/m/n/10.95 #default scoring MSE, will 
choose all variables[] 
 []


Overfull \hbox (70.62732pt too wide) in paragraph at lines 2876--2876
[]\TU/lmtt/m/n/10.95 hitters_Cp.fit(Hitters, Y) # the same as hitters_Cp.fit(Hi
tters.drop([]Salary[], axis=1), Y)[] 
 []

[57]
Overfull \hbox (145.36108pt too wide) in paragraph at lines 2890--2890
[]\TU/lmtt/m/n/10.95 insample_mse = ((Yhat_in - Y[:,None])**2).mean(0) #Y[:,Non
e]: add a second axis, create a column vector[] 
 []


Overfull \hbox (248.83856pt too wide) in paragraph at lines 2891--2891
[]                        \TU/lmtt/m/n/10.95 #[yw] mean(0): calculate mean alon
g row, i.e., for each col. mean(1): calculate mean for each row[] 
 []

[58]
Overfull \hbox (76.3761pt too wide) in paragraph at lines 2935--2935
[]                \TU/lmtt/m/n/10.95 max_nonzeros=X.shape[1]) #fit_path: a func
iton from l0nb. use all variables[] 
 []


Overfull \hbox (47.63235pt too wide) in paragraph at lines 2960--2960
[]                             \TU/lmtt/m/n/10.95 cv=validation) # using the st
rategy defined in validation[] 
 []


Overfull \hbox (53.3811pt too wide) in paragraph at lines 2967--2967
[]                        \TU/lmtt/m/n/10.95 cv=validation, # or use cv=kfold (
5-fold CV defined separately)[] 
 []


Overfull \hbox (1.64235pt too wide) in paragraph at lines 2968--2968
[]                        \TU/lmtt/m/n/10.95 scoring=[]neg_mean_squared_error[]
) #default scoring=R^2[] 
 []

[59]
Overfull \hbox (47.63234pt too wide) in paragraph at lines 2986--2986
[]\TU/lmtt/m/n/10.95 ridgeCV = skl.ElasticNetCV(alphas=lambdas, # ElasticNetCV 
accepts a sequence of alphas[] 
 []

[60] [61] [62]
chapter 7.
[63

] [64] [65] [66]
Overfull \hbox (41.8836pt too wide) in paragraph at lines 3325--3325
[]      \TU/lmtt/m/n/10.95 pd.get_dummies(Wage[[]education[]]).values] # -> 5 e
ducation levels: 1-hot coding[] 
 []


Overfull \hbox (76.3761pt too wide) in paragraph at lines 3332--3332
[]\TU/lmtt/m/n/10.95 cut_age = pd.qcut(age, 4) # cut based on the 25%, 50%, and
 75% cutpoints. pd.cut is similar[] 
 []

[67] [68]
Overfull \hbox (7.39111pt too wide) in paragraph at lines 3403--3403
[]                 \TU/lmtt/m/n/10.95 df=3, # df count does not include interce
pt. df=degree+ #knots[] 
 []


Overfull \hbox (64.8786pt too wide) in paragraph at lines 3417--3417
[]\TU/lmtt/m/n/10.95 gam = LinearGAM(s_gam(0, lam=0.6)) #gam is the smoothing s
pline model with a given lambda[] 
 []

[69]
Overfull \hbox (36.13486pt too wide) in paragraph at lines 3431--3431
[]    \TU/lmtt/m/n/10.95 lam = approx_lam(X_age, age_term, df+1) # find the lam
bda corresponding to a df.[] 
 []


Overfull \hbox (59.12984pt too wide) in paragraph at lines 3450--3450
[]\TU/lmtt/m/n/10.95 ns_age = NaturalSpline(df=4).fit(age) #df counts do not in
clude intercepts. -> 4 columns[] 
 []


Overfull \hbox (41.8836pt too wide) in paragraph at lines 3454--3454
[]      \TU/lmtt/m/n/10.95 pd.get_dummies(Wage[[]education[]]).values] # -> 5 e
ducation levels: 1-hot coding[] 
 []


Overfull \hbox (41.8836pt too wide) in paragraph at lines 3464--3464
[]\TU/lmtt/m/n/10.95 # calculate the row mean and make it a row vector in the s
hape of 1Xp, then broadcast[] 
 []


Overfull \hbox (185.60231pt too wide) in paragraph at lines 3466--3466
[]\TU/lmtt/m/n/10.95 X_age_bh[:,:4] = ns_age.transform(age_grid)# replace the f
irst 4 cols with basis functions evalued at age_grid[] 
 []


Overfull \hbox (24.63734pt too wide) in paragraph at lines 3467--3467
[]\TU/lmtt/m/n/10.95 preds = gam_bh.get_prediction(X_age_bh) #gam_bh is the GAM
 model with all 14 basis[] 
 []

[70]
Overfull \hbox (110.86859pt too wide) in paragraph at lines 3485--3485
[]\TU/lmtt/m/n/10.95 gam_full = LinearGAM(s_gam(0) + # spline smoothing applies
 to the first col of the feature matrix[] 
 []


Overfull \hbox (7.39111pt too wide) in paragraph at lines 3486--3486
[]                     \TU/lmtt/m/n/10.95 s_gam(1, n_splines=7) + # smoothing a
pplied to the 2nd col[] 
 []


Overfull \hbox (41.8836pt too wide) in paragraph at lines 3487--3487
[]                     \TU/lmtt/m/n/10.95 f_gam(2, lam=0)) # smothing applied t
o the 3rd col: a factor col[] 
 []


Overfull \hbox (18.88861pt too wide) in paragraph at lines 3500--3500
[]\TU/lmtt/m/n/10.95 ax.set_title([]Partial dependence of age on wage - default
 lam=0.6[], fontsize=20);[] 
 []

[71]
Overfull \hbox (105.11984pt too wide) in paragraph at lines 3522--3522
[]\TU/lmtt/m/n/10.95 gam_0 = LinearGAM(age_term + f_gam(2, lam=0)) # note age_t
erm is a s_gam with df=4 defined above[] 
 []

[72]
chapter 8.

LaTeX Warning: Reference `eq-tree-objective' on page 73 undefined on input line
 3604.

[73

]

LaTeX Warning: Reference `eq-tree-objective' on page 74 undefined on input line
 3623.

[74] [75] [76] [77] [78] [79]
Overfull \hbox (47.63235pt too wide) in paragraph at lines 3984--3984
[]                        \TU/lmtt/m/n/10.95 refit=True, # Refit the best estim
ator with the entire dataset[] 
 []

[80]
Overfull \hbox (13.13985pt too wide) in paragraph at lines 4030--4030
[]\TU/lmtt/m/n/10.95 bag_boston = RF(max_features=X_train.shape[1], random_stat
e=0, n_estimators=500)[] 
 []

[81]
Overfull \hbox (41.8836pt too wide) in paragraph at lines 4076--4076
[]\TU/lmtt/m/n/10.95 bart_boston = BART(random_state=0, burnin=5, ndraw=15) #nu
m_trees=200, max_states=100[] 
 []


Overfull \hbox (116.61734pt too wide) in paragraph at lines 4077--4077
[]\TU/lmtt/m/n/10.95 # ndraw: number of iterations or samples to draw from the 
posterior distribution after the burn-in[] 
 []

[82]
chapter 9.
[83

] [84]
Underfull \hbox (badness 10000) in paragraph at lines 4216--4220

 []

[85] [86]

LaTeX Warning: Reference `eq-svc' on page 87 undefined on input line 4307.

[87]
Overfull \hbox (59.12984pt too wide) in paragraph at lines 4347--4347
[]\TU/lmtt/m/n/10.95 roc_curve = RocCurveDisplay.from_estimator # shorthand for
 the function from_estimator()[] 
 []

[88] [89] [90]
chapter 10.
[91

] [92] [93] [94] [95]
Underfull \hbox (badness 10000) in paragraph at lines 4741--4743

 []

[96]
Overfull \hbox (13.13985pt too wide) in paragraph at lines 4841--4841
[][]\TU/lmtt/m/n/10.95 logs\\hitters\\version_0\\metrics.csv[] == r[]logs\hitte
rs\version_0\metrics.csv[][] 
 []


Overfull \hbox (53.3811pt too wide) in paragraph at lines 4844--4844
[]\TU/lmtt/m/n/10.95 [f for f in glob([]book_images/*[])] # get a list of file 
names from the dir: book_images[] 
 []

[97]
Overfull \hbox (53.38109pt too wide) in paragraph at lines 4866--4866
[]\TU/lmtt/m/n/10.95 class_labels = class_labels.sort_index() # sort the rows o
f a pandas dataframe by index[] 
 []

[98] [99]
Overfull \hbox (13.13986pt too wide) in paragraph at lines 4957--4957
[]                   []\TU/lmtt/m/n/10.95 num_params[]]) # indicate the columns
 included in the summary[] 
 []


Overfull \hbox (59.12985pt too wide) in paragraph at lines 4975--4975
[]\TU/lmtt/m/n/10.95 hit_module = SimpleModule.regression(hit_model, # using de
fault square loss for training[] 
 []


Overfull \hbox (30.3861pt too wide) in paragraph at lines 4976--4976
[]                           \TU/lmtt/m/n/10.95 metrics={[]mae[]:MeanAbsoluteEr
ror()}) # additional metric[] 
 []


Overfull \hbox (87.87358pt too wide) in paragraph at lines 4981--4981
[]\TU/lmtt/m/n/10.95 hit_trainer = Trainer(deterministic=False, # deterministic
=True is not working when using GPU[] 
 []

[100] [101] [102] [103] [104]
Overfull \hbox (202.84857pt too wide) in paragraph at lines 5176--5176
[]        \TU/lmtt/m/n/10.95 val = torch.flatten(val, start_dim=1) # flatten st
arting from dim=1 (default), the first dim is batch dim[] 
 []

[105]
Overfull \hbox (64.87857pt too wide) in paragraph at lines 5215--5215
[]\TU/lmtt/m/n/10.95 imgs = torch.stack([torch.div(crop(resize(read_image(f))),
 255) # element-wise div by 255[] 
 []


Overfull \hbox (1.64235pt too wide) in paragraph at lines 5223--5223
[]\TU/lmtt/m/n/10.95 img_probs = np.exp(np.asarray(img_preds.detach())) # conve
rt to propbabilities[] 
 []


Overfull \hbox (47.63234pt too wide) in paragraph at lines 5250--5250
[]        \TU/lmtt/m/n/10.95 return torch.flatten(self.dense(val[:,-1])) # sele
ct the last time step of val[] 
 []

[106] [107]
Overfull \hbox (254.5873pt too wide) in paragraph at lines 5331--5331
[]    \TU/lmtt/m/n/10.95 self._forward = nn.Sequential(nn.Flatten(), #flatten a
 multi-dim tensor into a 1-d tensor while keeping the batch size[] 
 []

[108] [109]
Overfull \hbox (122.36609pt too wide) in paragraph at lines 5405--5405
[]                                      \TU/lmtt/m/n/10.95 [1,2,0]), # transpos
e the channel to the last dim for display[] 
 []


Overfull \hbox (294.82854pt too wide) in paragraph at lines 5416--5416
[]\TU/lmtt/m/n/10.95 lam_max = np.abs(X_train.T * (Y_train - Y_train.mean())).m
ax() # this is not divided by n, different that in the Lasso chapter 6.[] 
 []

[110]
Overfull \hbox (179.85358pt too wide) in paragraph at lines 5452--5452
[]    \TU/lmtt/m/n/10.95 axes[0].plot(-np.log(lam_val / X_train.shape[0]), #lam
bda is rescaled by diving N for only plotting. WHy?[] 
 []


Overfull \hbox (47.63235pt too wide) in paragraph at lines 5472--5472
[]        \TU/lmtt/m/n/10.95 X.insert(len(X.columns), "{0}_{1}".format(col, lag
), newcol)#insert at the end[] 
 []


Overfull \hbox (36.13486pt too wide) in paragraph at lines 5473--5473
[]\TU/lmtt/m/n/10.95 X.insert(len(X.columns), []train[], NYSE[[]train[]]) #inse
rt the col training identifier[] 
 []

[111] [112]
chapter 11.
[113

]
Overfull \hbox (23.59035pt too wide) detected at line 5586
[][][][][] [] [][][][] [] [][][][] [] [][][][][][][][] [] [][][][] [] [][][][] 
[] [][][] [] [] [] [][][][] [] [][][][] [] [][][][][][][] [] [][][]
 []

[114]

Package longtable Warning: Column widths have changed
(longtable)                in table 11.1 on input line 5612.

[115] [116] [117] [118]
Overfull \hbox (174.10481pt too wide) in paragraph at lines 5834--5834
[]              \TU/lmtt/m/n/10.95 intercept=False).fit_transform(sex_df) #MS h
as coded []sex[] column to binary. Male[1] Female[0][] 
 []

[119] [120]
chapter 12.
[121

]

! Class scrreprt Error: undefined old font command `\bf'.

See the scrreprt class documentation for explanation.
Type  H <return>  for immediate help.
 ...                                              
                                                  
l.5929   \({\bf
                Z}\) and \({\bf X}\) are both data matrix of size 
Here is how much of TeX's memory you used:
 38792 strings out of 410378
 781192 string characters out of 5788640
 1943432 words of memory out of 5000000
 59590 multiletter control sequences out of 15000+600000
 567502 words of font info for 118 fonts, out of 8000000 for 9000
 1348 hyphenation exceptions out of 8191
 108i,16n,120p,10902b,925s stack positions out of 10000i,1000n,20000p,200000b,200000s

Output written on index.pdf (121 pages).
